#
# A fatal error has been detected by the Java Runtime Environment:
#
#  EXCEPTION_ACCESS_VIOLATION (0xc0000005) at pc=0x0000020d7ca80a0f, pid=55604, tid=29388
#
# JRE version: Java(TM) SE Runtime Environment (25.0.2+10) (build 25.0.2+10-LTS-69)
# Java VM: Java HotSpot(TM) 64-Bit Server VM (25.0.2+10-LTS-69, mixed mode, emulated-client, sharing, tiered, compressed oops, compressed class ptrs, g1 gc, windows-amd64)
# Problematic frame:
# v  ~MethodHandlesAdapterBlob 0x0000020d7ca80a0f
#
# No core dump will be written. Minidumps are not enabled by default on client versions of Windows
#
# If you would like to submit a bug report, please visit:
#   https://bugreport.java.com/bugreport/crash.jsp
#

---------------  S U M M A R Y ------------

Command Line: -XX:+ShowCodeDetailsInExceptionMessages -agentlib:jdwp=transport=dt_socket,suspend=y,address=localhost:54210 -Dcom.sun.management.jmxremote -Dcom.sun.management.jmxremote.port=54209 -Dcom.sun.management.jmxremote.authenticate=false -Dcom.sun.management.jmxremote.ssl=false -Djava.rmi.server.hostname=localhost -Dspring.jmx.enabled=true -Dmanagement.endpoints.jmx.exposure.include=* -Dspring.application.admin.enabled=true -Dspring.output.ansi.enabled=always -XX:TieredStopAtLevel=1 -Dspring.boot.project.name=apiTarefas -javaagent:C:\Users\vduar\eclipse\jee-2025-12\eclipse\configuration\org.eclipse.osgi\1191\0\.cp\lib\javaagent-shaded.jar -Dfile.encoding=UTF-8 -Dstdout.encoding=UTF-8 -Dstderr.encoding=UTF-8 br.com.httpsduart.ApiTarefasApplication

Host: 11th Gen Intel(R) Core(TM) i3-1115G4 @ 3.00GHz, 4 cores, 23G,  Windows 11 , 64 bit Build 26100 (10.0.26100.7705)
Time: Fri Feb 13 21:44:42 2026 Hora oficial do Brasil elapsed time: 1727.059034 seconds (0d 0h 28m 47s)

---------------  T H R E A D  ---------------

Current thread (0x0000020d0e379f10):  JavaThread "restartedMain"        [_thread_in_Java, id=29388, stack(0x0000008531e00000,0x0000008531f00000) (1024K)]

Stack: [0x0000008531e00000,0x0000008531f00000],  sp=0x0000008531efd3c8,  free space=1012k
Native frames: (J=compiled Java code, j=interpreted, Vv=VM code, C=native code)
C  0x0000020d7ca80a0f  (no source info available)

The last pc belongs to _linkToSpecial (printed below).

siginfo: EXCEPTION_ACCESS_VIOLATION (0xc0000005), reading address 0xfffffffffffffff7


Registers:
RAX=0x0000020d7ca49346, RBX=0x00000006870522f8, RCX=0xfffffffffffffff7, RDX=0x0000000000000002
RSP=0x0000008531efd3c8, RBP=0x0000008531efd418, RSI=0x0000020d0e7db098, RDI=0x0000020d109fb0d0
R8 =0x0000000000000003, R9 =0x0000020d1111b280, R10=0x00007fff897b9890, R11=0x0000000000000004
R12=0x0000000000000000, R13=0x0000008531efd3c8, R14=0x0000008531efd438, R15=0x0000020d0e379f10
RIP=0x0000020d7ca80a0f, EFLAGS=0x0000000000010202

XMM[0]=0x0000000000000000 0x0000000000000000
XMM[1]=0x0000000000000000 0x0000000000000000
XMM[2]=0x0000000000000000 0x0000000000000000
XMM[3]=0x0000000000000000 0x0000000000000000
XMM[4]=0x0000000000000000 0x0000000000000000
XMM[5]=0x0000000000000000 0x0000000000000000
XMM[6]=0x0000000000000000 0x0000000000000000
XMM[7]=0x0000000000000000 0x0000000000000000
XMM[8]=0x0000000000000000 0x0000000000000000
XMM[9]=0x0000000000000000 0x0000000000000000
XMM[10]=0x0000000000000000 0x0000000000000000
XMM[11]=0x0000000000000000 0x0000000000000000
XMM[12]=0x0000000000000000 0x0000000000000000
XMM[13]=0x0000000000000000 0x0000000000000000
XMM[14]=0x0000000000000000 0x0000000000000000
XMM[15]=0x0000000000000000 0x0000000000000000
  MXCSR=0x00001fa0


Register to memory mapping:

RAX=0x0000020d7ca49346 is at code_begin+3174 in an Interpreter codelet
return entry points  [0x0000020d7ca486e0, 0x0000020d7ca4a5e8]  7944 bytes
RBX=0x00000006870522f8 is an oop: br.com.httpsduart.entities.Tarefa 
{0x00000006870522f8} - klass: 'br/com/httpsduart/entities/Tarefa' - flags: 

 - ---- fields (total size 6 words):
 - private 'id' 'Ljava/util/UUID;' @12  null (0x00000000)
 - private 'nome' 'Ljava/lang/String;' @16  null (0x00000000)
 - private 'dataInicio' 'Ljava/time/LocalDateTime;' @20  null (0x00000000)
 - private 'dataEntrega' 'Ljava/time/LocalDateTime;' @24  null (0x00000000)
 - private 'prioridade' 'Lbr/com/httpsduart/enums/NivelPrioridade;' @28  null (0x00000000)
 - private 'observacoes' 'Ljava/lang/String;' @32  null (0x00000000)
 - private 'concluida' 'Ljava/lang/Boolean;' @36  null (0x00000000)
 - private 'categoria' 'Lbr/com/httpsduart/entities/Categoria;' @40  null (0x00000000)
RCX=0xfffffffffffffff7 is an unknown value
RDX=0x0000000000000002 is an unknown value
RSP=0x0000008531efd3c8 is pointing into the stack for thread: 0x0000020d0e379f10
RBP=0x0000008531efd418 is pointing into the stack for thread: 0x0000020d0e379f10
RSI=0x0000020d0e7db098 points into unknown readable memory: 0x8800112fa182e807 | 07 e8 82 a1 2f 11 00 88
RDI=0x0000020d109fb0d0 points into unknown readable memory: 0x0000001800000070 | 70 00 00 00 18 00 00 00
R8 =0x0000000000000003 is an unknown value
R9 =0x0000020d1111b280 points into unknown readable memory: 0x0000001e00000003 | 03 00 00 00 1e 00 00 00
R10=0x00007fff897b9890 jvm.dll
R11=0x0000000000000004 is an unknown value
R12=0x0 is null
R13=0x0000008531efd3c8 is pointing into the stack for thread: 0x0000020d0e379f10
R14=0x0000008531efd438 is pointing into the stack for thread: 0x0000020d0e379f10
R15=0x0000020d0e379f10 is a thread

Top of Stack: (sp=0x0000008531efd3c8)
0x0000008531efd3c8:   0000020d7ca49346 fffffffffffffff7   F..|............
0x0000008531efd3d8:   000000003c844757 0000000000000004   WG.<............
0x0000008531efd3e8:   000000003c214aa0 0000000000000000   .J!<............
0x0000008531efd3f8:   0000000684f0d628 000000003c2167c0   (........g!<....
0x0000008531efd408:   fffffffffffffff6 0000008531efd440   ........@..1....
0x0000008531efd418:   0000008531efd6f0 0000020d7cdbd9ab   ...1.......|....
0x0000008531efd428:   0000000687052358 00000006870522f8   X#......."......
0x0000008531efd438:   0000000687052328 0000000000000022   (#......".......
0x0000008531efd448:   0000008531efd4d0 0000008531efd4d0   ...1.......1....
0x0000008531efd458:   0000020d7ca49346 0000008531efd6f0   F..|.......1....
0x0000008531efd468:   0000020d7d1ea06c 00000006875e2100   l..}.....!^.....
0x0000008531efd478:   00000006875e2100 0000000000000000   .!^.............
0x0000008531efd488:   fffffffffffffff7 0000020d0cdd45dc   .........E......
0x0000008531efd498:   000000000000000a 0000020d0cdd4788   .........G......
0x0000008531efd4a8:   0000000000000000 0000000684b0b198   ................
0x0000008531efd4b8:   0000020d0cdd45e8 0000000684828820   .E...... .......
0x0000008531efd4c8:   0000000688cea400 0000000687af8e30   ........0.......
0x0000008531efd4d8:   0000000687af8e30 0000000684dc09e8   0...............
0x0000008531efd4e8:   0000000600000000 0000000687052388   .........#......
0x0000008531efd4f8:   0000000000000000 0000008531efd6f0   ...........1....
0x0000008531efd508:   0000020d7d1ea64e 0000000687af8e30   N..}....0.......
0x0000008531efd518:   00000006874b2740 0000000684bcfc00   @'K.............
0x0000008531efd528:   0000020d0e379f10 0000000687052328   ..7.....(#......
0x0000008531efd538:   00007fff89156f3a 0000008531efd5d0   :o.........1....
0x0000008531efd548:   0000000684b8e290 0000000000000100   ................
0x0000008531efd558:   0000000000000000 00000006875d5ab0   .........Z].....
0x0000008531efd568:   0000000000000000 0000000687af8e30   ........0.......
0x0000008531efd578:   00000006875e23a0 0000000000000000   .#^.............
0x0000008531efd588:   0000008531efd808 0000020d0e379f10   ...1......7.....
0x0000008531efd598:   0000020d7cdbd09c 0000008531efd6f0   ...|.......1....
0x0000008531efd5a8:   0000020d7cdbba8a 0000000684b8e290   ...|............
0x0000008531efd5b8:   0000020d0e379f10 0000000000000000   ..7.............

Instructions: (pc=0x0000020d7ca80a0f)
  0x0000020d7ca8090f:   48 c1 e3 03 8b 5b 28 48 c1 e3 03 8b 5b 24 48 c1
  0x0000020d7ca8091f:   e3 03 48 8b 5b 10 48 85 db 0f 84 10 00 00 00 41
  0x0000020d7ca8092f:   80 bf 80 06 00 00 00 74 03 ff 63 38 ff 63 50 e9
  0x0000020d7ca8093f:   9d f7 00 00 66 66 66 0f 1f 84 00 00 00 00 00 66
  0x0000020d7ca8094f:   66 66 90 66 66 0f 1f 84 00 00 00 00 00 66 66 66
  0x0000020d7ca8095f:   90 48 8b 53 08 0f b7 52 2e 48 8b 0c d4 58 5b 50
  0x0000020d7ca8096f:   44 8b 51 08 41 bb 00 00 00 3c 4d 03 d3 4c 8b 5b
  0x0000020d7ca8097f:   10 4b 8b 9c da d8 01 00 00 48 85 db 0f 84 10 00
  0x0000020d7ca8098f:   00 00 41 80 bf 80 06 00 00 00 74 03 ff 63 38 ff
  0x0000020d7ca8099f:   63 50 e9 3a f7 00 00 66 66 66 0f 1f 84 00 00 00
  0x0000020d7ca809af:   00 00 66 66 66 90 66 66 66 0f 1f 84 00 00 00 00
  0x0000020d7ca809bf:   00 58 5b 50 8b 5b 24 48 c1 e3 03 48 8b 5b 10 48
  0x0000020d7ca809cf:   85 db 0f 84 10 00 00 00 41 80 bf 80 06 00 00 00
  0x0000020d7ca809df:   74 03 ff 63 38 ff 63 50 e9 f4 f6 00 00 66 66 66
  0x0000020d7ca809ef:   0f 1f 84 00 00 00 00 00 66 66 66 90 0f 1f 44 00
  0x0000020d7ca809ff:   00 48 8b 53 08 0f b7 52 2e 48 8b 0c d4 58 5b 50
=>0x0000020d7ca80a0f:   48 3b 01 8b 5b 24 48 c1 e3 03 48 8b 5b 10 48 85
  0x0000020d7ca80a1f:   db 0f 84 10 00 00 00 41 80 bf 80 06 00 00 00 74
  0x0000020d7ca80a2f:   03 ff 63 38 ff 63 50 e9 a5 f6 00 00 0f 1f 44 00
  0x0000020d7ca80a3f:   00 48 8b 53 08 0f b7 52 2e 48 8b 0c d4 58 5b 50
  0x0000020d7ca80a4f:   44 8b 51 08 41 bb 00 00 00 3c 4d 03 d3 8b 43 18
  0x0000020d7ca80a5f:   48 c1 e0 03 48 8b 40 10 48 8b 5b 10 45 8b 9a b8
  0x0000020d7ca80a6f:   00 00 00 4f 8d 9c da d8 01 00 00 4d 8d 14 da 49
  0x0000020d7ca80a7f:   8b 1b 48 3b c3 74 15 48 85 db 0f 84 32 00 00 00
  0x0000020d7ca80a8f:   49 83 c3 10 49 8b 1b 48 3b c3 75 eb 45 8b 5b 08
  0x0000020d7ca80a9f:   4b 8b 1c 1a 48 85 db 0f 84 10 00 00 00 41 80 bf
  0x0000020d7ca80aaf:   80 06 00 00 00 74 03 ff 63 38 ff 63 50 e9 1f f6
  0x0000020d7ca80abf:   00 00 e9 1a f9 00 00 f4 00 00 00 00 00 00 00 00
  0x0000020d7ca80acf:   00 00 00 00 00 00 00 00 00 00 00 00 00 00 00 00
  0x0000020d7ca80adf:   00 00 00 00 00 00 00 00 00 00 00 00 00 00 00 00
  0x0000020d7ca80aef:   00 00 00 00 00 00 00 00 00 00 00 00 00 00 00 00
  0x0000020d7ca80aff:   00 00 00 00 00 00 00 00 00 00 00 00 00 00 00 00


Stack slot to memory mapping:

stack at sp + 0 slots: 0x0000020d7ca49346 is at code_begin+3174 in an Interpreter codelet
return entry points  [0x0000020d7ca486e0, 0x0000020d7ca4a5e8]  7944 bytes
stack at sp + 1 slots: 0xfffffffffffffff7 is an unknown value
stack at sp + 2 slots: 0x000000003c844757 is pointing into metadata
stack at sp + 3 slots: 0x0000000000000004 is an unknown value
stack at sp + 4 slots: 0x000000003c214aa0 is pointing into metadata
stack at sp + 5 slots: 0x0 is null
stack at sp + 6 slots: 0x0000000684f0d628 is an oop: java.lang.Class 
{0x0000000684f0d628} - klass: 'java/lang/Class' - flags: 

 - ---- fields (total size 15 words):
 - private volatile transient 'classRedefinedCount' 'I' @12  0 (0x00000000)
 - injected 'klass' 'J' @16  1008814224 (0x000000003c214890)
 - injected 'array_klass' 'J' @24  0 (0x0000000000000000)
 - injected 'oop_size' 'I' @32  15 (0x0000000f)
 - injected 'static_oop_field_count' 'I' @36  0 (0x00000000)
 - private final transient 'modifiers' 'C' @40    16 (0x0010)
 - private final transient 'primitive' 'Z' @42  false (0x00)
 - private volatile transient 'cachedConstructor' 'Ljava/lang/reflect/Constructor;' @44  null (0x00000000)
 - private transient 'name' 'Ljava/lang/String;' @48  null (0x00000000)
 - private transient 'module' 'Ljava/lang/Module;' @52  a 'java/lang/Module'{0x0000000684403218} (0xd0880643)
 - private final 'classLoader' 'Ljava/lang/ClassLoader;' @56  null (0x00000000)
 - private transient 'classData' 'Ljava/lang/Object;' @60  null (0x00000000)
 - private transient 'signers' '[Ljava/lang/Object;' @64  null (0x00000000)
 - private transient 'packageName' 'Ljava/lang/String;' @68  null (0x00000000)
 - private final transient 'componentType' 'Ljava/lang/Class;' @72  null (0x00000000)
 - private final transient 'protectionDomain' 'Ljava/security/ProtectionDomain;' @76  null (0x00000000)
 - private volatile transient 'reflectionData' 'Ljava/lang/ref/SoftReference;' @80  null (0x00000000)
 - private volatile transient 'genericInfo' 'Lsun/reflect/generics/repository/ClassRepository;' @84  null (0x00000000)
 - private volatile transient 'enumConstants' '[Ljava/lang/Object;' @88  null (0x00000000)
 - private volatile transient 'enumConstantDirectory' 'Ljava/util/Map;' @92  null (0x00000000)
 - private volatile transient 'annotationData' 'Ljava/lang/Class$AnnotationData;' @96  null (0x00000000)
 - private volatile transient 'annotationType' 'Lsun/reflect/annotation/AnnotationType;' @100  null (0x00000000)
 - transient 'classValueMap' 'Ljava/lang/ClassValue$ClassValueMap;' @104  null (0x00000000)
 - injected 'source_file' 'Ljava/lang/Object;' @108  null (0x00000000)
 - injected '<init_lock>' 'Ljava/lang/Object;' @112  null (0x00000000)
 - signature: Ljava/lang/invoke/DirectMethodHandle$Holder;
 - ---- static fields (0):
stack at sp + 7 slots: {method} {0x000000003c2167c8} 'newInvokeSpecial' '(Ljava/lang/Object;)Ljava/lang/Object;' in 'java/lang/invoke/DirectMethodHandle$Holder'

Lock stack of current Java thread (top to bottom):

MethodHandle::interpreter_entry::_linkToSpecial [0x0000020d7ca809ec, 0x0000020d7ca80a3b] (79 bytes)
[MachCode]
  0x0000020d7ca809ec: 6666 660f | 1f84 0000 | 0000 0066 | 6666 900f | 1f44 0000 | 488b 5308 | 0fb7 522e | 488b 0cd4 
  0x0000020d7ca80a0c: 585b 5048 | 3b01 8b5b | 2448 c1e3 | 0348 8b5b | 1048 85db | 0f84 1000 | 0000 4180 | bf80 0600 
  0x0000020d7ca80a2c: 0000 7403 | ff63 38ff | 6350 e9a5 | 
[/MachCode]

---------------  P R O C E S S  ---------------

Threads class SMR info:
_java_thread_list=0x0000020d10cda3c0, length=26, elements={
0x0000020d7fdcda30, 0x0000020d7fdce750, 0x0000020d7fdd7ef0, 0x0000020d7fdd9e30,
0x0000020d7fdd6780, 0x0000020d7fdd86c0, 0x0000020d7fddf440, 0x0000020d097daa30,
0x0000020d097db200, 0x0000020d097ddde0, 0x0000020d7fdd7720, 0x0000020d097ee970,
0x0000020d097f00e0, 0x0000020d097f08b0, 0x0000020d097f3790, 0x0000020d097f1080,
0x0000020d0e904090, 0x0000020d0e902920, 0x0000020d0fd705d0, 0x0000020d0e377800,
0x0000020d0e37be50, 0x0000020d0e379f10, 0x0000020d0e378f70, 0x0000020d0e37c620,
0x0000020d0e37cdf0, 0x0000020d10f17d00
}

Java Threads: ( => current thread )
  0x0000020d7fdcda30 JavaThread "Reference Handler"          daemon [_thread_blocked, id=45720, stack(0x0000008530a00000,0x0000008530b00000) (1024K)]
  0x0000020d7fdce750 JavaThread "Finalizer"                  daemon [_thread_blocked, id=53540, stack(0x0000008530b00000,0x0000008530c00000) (1024K)]
  0x0000020d7fdd7ef0 JavaThread "Signal Dispatcher"          daemon [_thread_blocked, id=2636, stack(0x0000008530c00000,0x0000008530d00000) (1024K)]
  0x0000020d7fdd9e30 JavaThread "Attach Listener"            daemon [_thread_blocked, id=8680, stack(0x0000008530d00000,0x0000008530e00000) (1024K)]
  0x0000020d7fdd6780 JavaThread "Service Thread"             daemon [_thread_blocked, id=41644, stack(0x0000008530e00000,0x0000008530f00000) (1024K)]
  0x0000020d7fdd86c0 JavaThread "Monitor Deflation Thread"   daemon [_thread_blocked, id=33032, stack(0x0000008530f00000,0x0000008531000000) (1024K)]
  0x0000020d7fddf440 JavaThread "C1 CompilerThread0"         daemon [_thread_blocked, id=1372, stack(0x0000008531000000,0x0000008531100000) (1024K)]
  0x0000020d097daa30 JavaThread "JDWP Transport Listener: dt_socket" daemon [_thread_blocked, id=35096, stack(0x0000008531200000,0x0000008531300000) (1024K)]
  0x0000020d097db200 JavaThread "JDWP Event Helper Thread"   daemon [_thread_blocked, id=36896, stack(0x0000008531300000,0x0000008531400000) (1024K)]
  0x0000020d097ddde0 JavaThread "JDWP Command Reader"        daemon [_thread_in_native, id=59312, stack(0x0000008531400000,0x0000008531500000) (1024K)]
  0x0000020d7fdd7720 JavaThread "Common-Cleaner"             daemon [_thread_blocked, id=3132, stack(0x0000008531500000,0x0000008531600000) (1024K)]
  0x0000020d097ee970 JavaThread "Notification Thread"        daemon [_thread_blocked, id=30924, stack(0x0000008531600000,0x0000008531700000) (1024K)]
  0x0000020d097f00e0 JavaThread "RMI TCP Accept-0"           daemon [_thread_in_native, id=352, stack(0x0000008531800000,0x0000008531900000) (1024K)]
  0x0000020d097f08b0 JavaThread "RMI TCP Accept-54209"       daemon [_thread_in_native, id=54672, stack(0x0000008531900000,0x0000008531a00000) (1024K)]
  0x0000020d097f3790 JavaThread "RMI TCP Accept-0"           daemon [_thread_in_native, id=51296, stack(0x0000008531d00000,0x0000008531e00000) (1024K)]
  0x0000020d097f1080 JavaThread "RMI Scheduler(0)"           daemon [_thread_blocked, id=42916, stack(0x0000008531f00000,0x0000008532000000) (1024K)]
  0x0000020d0e904090 JavaThread "RMI TCP Connection(idle)"   daemon [_thread_blocked, id=24472, stack(0x0000008532000000,0x0000008532100000) (1024K)]
  0x0000020d0e902920 JavaThread "JMX server connection timeout 37" daemon [_thread_blocked, id=57512, stack(0x0000008532100000,0x0000008532200000) (1024K)]
  0x0000020d0fd705d0 JavaThread "Cleaner-0"                  daemon [_thread_blocked, id=57552, stack(0x0000008532800000,0x0000008532900000) (1024K)]
  0x0000020d0e377800 JavaThread "DestroyJavaVM"                     [_thread_blocked, id=44416, stack(0x0000008530100000,0x0000008530200000) (1024K)]
  0x0000020d0e37be50 JavaThread "Thread-37"                         [_thread_blocked, id=32396, stack(0x0000008530200000,0x0000008530300000) (1024K)]
=>0x0000020d0e379f10 JavaThread "restartedMain"                     [_thread_in_Java, id=29388, stack(0x0000008531e00000,0x0000008531f00000) (1024K)]
  0x0000020d0e378f70 JavaThread "Catalina-utility-1"                [_thread_blocked, id=6920, stack(0x0000008531700000,0x0000008531800000) (1024K)]
  0x0000020d0e37c620 JavaThread "Catalina-utility-2"                [_thread_blocked, id=53080, stack(0x0000008532300000,0x0000008532400000) (1024K)]
  0x0000020d0e37cdf0 JavaThread "container-0"                       [_thread_blocked, id=53244, stack(0x0000008532400000,0x0000008532500000) (1024K)]
  0x0000020d10f17d00 JavaThread "HikariPool-11:housekeeper"  daemon [_thread_blocked, id=46048, stack(0x0000008532500000,0x0000008532600000) (1024K)]
Total: 26

Other Threads:
  0x0000020d7fdbc6e0 VMThread "VM Thread"                           [id=18692, stack(0x0000008530900000,0x0000008530a00000) (1024K)]
  0x0000020d7fdaad20 WatcherThread "VM Periodic Task Thread"        [id=50852, stack(0x0000008530800000,0x0000008530900000) (1024K)]
  0x0000020d74245040 WorkerThread "GC Thread#0"                     [id=46596, stack(0x0000008530300000,0x0000008530400000) (1024K)]
  0x0000020d0e879500 WorkerThread "GC Thread#1"                     [id=35980, stack(0x0000008531a00000,0x0000008531b00000) (1024K)]
  0x0000020d0e8bbfc0 WorkerThread "GC Thread#2"                     [id=35976, stack(0x0000008531b00000,0x0000008531c00000) (1024K)]
  0x0000020d0e8bc3f0 WorkerThread "GC Thread#3"                     [id=14328, stack(0x0000008531c00000,0x0000008531d00000) (1024K)]
  0x0000020d74257e10 ConcurrentGCThread "G1 Main Marker"            [id=35616, stack(0x0000008530400000,0x0000008530500000) (1024K)]
  0x0000020d7425a040 WorkerThread "G1 Conc#0"                       [id=59344, stack(0x0000008530500000,0x0000008530600000) (1024K)]
  0x0000020d7fc787e0 ConcurrentGCThread "G1 Refine#0"               [id=50728, stack(0x0000008530600000,0x0000008530700000) (1024K)]
  0x0000020d7fc7b9f0 ConcurrentGCThread "G1 Service"                [id=29856, stack(0x0000008530700000,0x0000008530800000) (1024K)]
Total: 10

Threads with active compile tasks:
Total: 0

VM state: not at safepoint (normal execution)

VM Mutex/Monitor currently owned by a thread: None

Heap address: 0x0000000684000000, size: 6080 MB, Compressed Oops mode: Zero based, Oop shift amount: 3

CDS archive(s) mapped at: [0x000000003c000000-0x000000003cdd0000-0x000000003cdd0000), size 14483456, SharedBaseAddress: 0x000000003c000000, ArchiveRelocationMode: 1.
Compressed class space mapped at: 0x000000003d000000-0x000000007d000000, reserved size: 1073741824
UseCompressedClassPointers 1, UseCompactObjectHeaders 0
Narrow klass pointer bits 32, Max shift 3
Narrow klass base: 0x000000003c000000, Narrow klass shift: 0
Encoding Range: [0x000000003c000000 - 0x000000013c000000), (4294967296 bytes)
Klass Range:    [0x000000003c010000 - 0x000000007d000000), (1090453504 bytes)
Klass ID Range:  [65536 - 1090519033) (1090453497)
Protection zone: [0x000000003c000000 - 0x000000003c010000), (65536 bytes)

GC Precious Log:
 CardTable entry size: 512
 Card Set container configuration: InlinePtr #cards 4 size 8 Array Of Cards #cards 32 size 80 Howl #buckets 8 coarsen threshold 7372 Howl Bitmap #cards 1024 size 144 coarsen threshold 921 Card regions per heap region 1 cards per card region 8192
 CPUs: 4 total, 4 available
 Memory: 24310M
 Large Page Support: Disabled
 NUMA Support: Disabled
 Compressed Oops: Enabled (Zero based)
 Heap Region Size: 4M
 Heap Min Capacity: 8M
 Heap Initial Capacity: 380M
 Heap Max Capacity: 6080M
 Pre-touch: Disabled
 Parallel Workers: 4
 Concurrent Workers: 1
 Concurrent Refinement Workers: 4
 Periodic GC: Disabled

Heap:
 garbage-first heap   total reserved 6225920K, committed 110592K, used 39008K [0x0000000684000000, 0x0000000800000000)
  region size 4096K, 3 young (12288K), 2 survivors (8192K)

Heap Regions: E=young(eden), S=young(survivor), O=old, HS=humongous(starts), HC=humongous(continues), CS=collection set, F=free, TAMS=top-at-mark-start, PB=parsable bottom
|   0|0x0000000684000000, 0x00000006843fffd0, 0x0000000684400000| 99%| O|  |TAMS 0x0000000684000000| PB 0x0000000684000000| Untracked |  0
|   1|0x0000000684400000, 0x00000006847fffb8, 0x0000000684800000| 99%| O|  |TAMS 0x0000000684400000| PB 0x0000000684400000| Untracked |  0
|   2|0x0000000684800000, 0x0000000684bffff8, 0x0000000684c00000| 99%| O|  |TAMS 0x0000000684800000| PB 0x0000000684800000| Untracked |  0
|   3|0x0000000684c00000, 0x0000000684ffffd0, 0x0000000685000000| 99%| O|  |TAMS 0x0000000684c00000| PB 0x0000000684c00000| Untracked |  0
|   4|0x0000000685000000, 0x00000006853fffe8, 0x0000000685400000| 99%| O|  |TAMS 0x0000000685000000| PB 0x0000000685000000| Untracked |  0
|   5|0x0000000685400000, 0x00000006857ffff0, 0x0000000685800000| 99%| O|  |TAMS 0x0000000685400000| PB 0x0000000685400000| Untracked |  0
|   6|0x0000000685800000, 0x0000000685bd2320, 0x0000000685c00000| 95%| O|  |TAMS 0x0000000685800000| PB 0x0000000685800000| Untracked |  0
|   7|0x0000000685c00000, 0x0000000685f10830, 0x0000000686000000| 76%| O|  |TAMS 0x0000000685c00000| PB 0x0000000685c00000| Untracked |  0
|   8|0x0000000686000000, 0x0000000686000000, 0x0000000686400000|  0%| F|  |TAMS 0x0000000686000000| PB 0x0000000686000000| Untracked |  0
|   9|0x0000000686400000, 0x0000000686400000, 0x0000000686800000|  0%| F|  |TAMS 0x0000000686400000| PB 0x0000000686400000| Untracked |  0
|  10|0x0000000686800000, 0x0000000686800000, 0x0000000686c00000|  0%| F|  |TAMS 0x0000000686800000| PB 0x0000000686800000| Untracked |  0
|  11|0x0000000686c00000, 0x0000000686f35770, 0x0000000687000000| 80%| S|CS|TAMS 0x0000000686c00000| PB 0x0000000686c00000| Complete |  0
|  12|0x0000000687000000, 0x0000000687400000, 0x0000000687400000|100%| S|CS|TAMS 0x0000000687000000| PB 0x0000000687000000| Complete |  0
|  13|0x0000000687400000, 0x0000000687400000, 0x0000000687800000|  0%| F|  |TAMS 0x0000000687400000| PB 0x0000000687400000| Untracked |  0
|  14|0x0000000687800000, 0x0000000687800000, 0x0000000687c00000|  0%| F|  |TAMS 0x0000000687800000| PB 0x0000000687800000| Untracked |  0
|  15|0x0000000687c00000, 0x0000000687c00000, 0x0000000688000000|  0%| F|  |TAMS 0x0000000687c00000| PB 0x0000000687c00000| Untracked |  0
|  16|0x0000000688000000, 0x0000000688000000, 0x0000000688400000|  0%| F|  |TAMS 0x0000000688000000| PB 0x0000000688000000| Untracked |  0
|  17|0x0000000688400000, 0x0000000688400000, 0x0000000688800000|  0%| F|  |TAMS 0x0000000688400000| PB 0x0000000688400000| Untracked |  0
|  18|0x0000000688800000, 0x0000000688800000, 0x0000000688c00000|  0%| F|  |TAMS 0x0000000688800000| PB 0x0000000688800000| Untracked |  0
|  19|0x0000000688c00000, 0x0000000688c00000, 0x0000000689000000|  0%| F|  |TAMS 0x0000000688c00000| PB 0x0000000688c00000| Untracked |  0
|  20|0x0000000689000000, 0x0000000689000000, 0x0000000689400000|  0%| F|  |TAMS 0x0000000689000000| PB 0x0000000689000000| Untracked |  0
|  21|0x0000000689400000, 0x0000000689400000, 0x0000000689800000|  0%| F|  |TAMS 0x0000000689400000| PB 0x0000000689400000| Untracked |  0
|  22|0x0000000689800000, 0x0000000689800000, 0x0000000689c00000|  0%| F|  |TAMS 0x0000000689800000| PB 0x0000000689800000| Untracked |  0
|  23|0x0000000689c00000, 0x0000000689c00000, 0x000000068a000000|  0%| F|  |TAMS 0x0000000689c00000| PB 0x0000000689c00000| Untracked |  0
|  24|0x000000068a000000, 0x000000068a000000, 0x000000068a400000|  0%| F|  |TAMS 0x000000068a000000| PB 0x000000068a000000| Untracked |  0
|  25|0x000000068a400000, 0x000000068a400000, 0x000000068a800000|  0%| F|  |TAMS 0x000000068a400000| PB 0x000000068a400000| Untracked |  0
|  40|0x000000068e000000, 0x000000068e0e6030, 0x000000068e400000| 22%| E|  |TAMS 0x000000068e000000| PB 0x000000068e000000| Complete |  0

Card table byte_map: [0x0000020d00be0000,0x0000020d017c0000] _byte_map_base: 0x0000020cfd7c0000

Marking Bits: (CMBitMap*) 0x0000020d742457d0
 Bits: [0x0000020d017c0000, 0x0000020d076c0000)

Polling page: 0x0000020d71ff0000

Metaspace:
Metaspace        used 87796K, committed 88448K, reserved 1179648K
 class space     used 12818K, committed 13120K, reserved 1048576K

Usage:
  Non-class:     73.22 MB used.
      Class:     12.52 MB used.
       Both:     85.74 MB used.

Virtual space:
  Non-class space:      128.00 MB reserved,      73.56 MB ( 57%) committed,  2 nodes.
      Class space:        1.00 GB reserved,      12.81 MB (  1%) committed,  1 nodes.
             Both:        1.12 GB reserved,      86.38 MB (  7%) committed. 

Chunk freelists:
   Non-Class:  5.94 MB
       Class:  3.13 MB
        Both:  9.07 MB

MaxMetaspaceSize: unlimited
CompressedClassSpaceSize: 1.00 GB
Initial GC threshold: 21.00 MB
Current GC threshold: 143.88 MB
CDS: on
 - commit_granule_bytes: 65536.
 - commit_granule_words: 8192.
 - virtual_space_node_default_size: 8388608.
 - enlarge_chunks_in_place: 1.
UseCompressedClassPointers 1, UseCompactObjectHeaders 0
Narrow klass pointer bits 32, Max shift 3
Narrow klass base: 0x000000003c000000, Narrow klass shift: 0
Encoding Range: [0x000000003c000000 - 0x000000013c000000), (4294967296 bytes)
Klass Range:    [0x000000003c010000 - 0x000000007d000000), (1090453504 bytes)
Klass ID Range:  [65536 - 1090519033) (1090453497)
Protection zone: [0x000000003c000000 - 0x000000003c010000), (65536 bytes)


Internal statistics:

num_allocs_failed_limit: 15.
num_arena_births: 1086.
num_arena_deaths: 316.
num_vsnodes_births: 3.
num_vsnodes_deaths: 0.
num_space_committed: 1382.
num_space_uncommitted: 0.
num_chunks_returned_to_freelist: 349.
num_chunks_taken_from_freelist: 4431.
num_chunk_merges: 95.
num_chunk_splits: 3110.
num_chunks_enlarged: 2551.
num_inconsistent_stats: 0.

CodeCache: size=49152Kb used=13007Kb max_used=14134Kb free=36144Kb
 bounds [0x0000020d7ca40000, 0x0000020d7d810000, 0x0000020d7fa40000]
 total_blobs=9826, nmethods=9062, adapters=686, full_count=0
Compilation: enabled, stopped_count=0, restarted_count=0

Compilation events (20 events):
Event: 1718.506 Thread 0x0000020d0e8e18e0 11875       1       java.text.NumberFormat::setMaximumFractionDigits (29 bytes)
Event: 1718.506 Thread 0x0000020d0e8e18e0 nmethod 11875 0x0000020d7d806908 code [0x0000020d7d806a00, 0x0000020d7d806ae8]
Event: 1718.506 Thread 0x0000020d0e8e18e0 11876       1       java.text.DecimalFormat::setDecimalSeparatorAlwaysShown (11 bytes)
Event: 1718.506 Thread 0x0000020d0e8e18e0 nmethod 11876 0x0000020d7d806c08 code [0x0000020d7d806d00, 0x0000020d7d806dd0]
Event: 1718.506 Thread 0x0000020d0e8e18e0 11872       1       java.text.NumberFormat::getMinimumFractionDigits (5 bytes)
Event: 1718.506 Thread 0x0000020d0e8e2900 nmethod 11874 0x0000020d7d806f08 code [0x0000020d7d807000, 0x0000020d7d807178]
Event: 1718.506 Thread 0x0000020d0e8e2900 11877       1       java.text.NumberFormat::setParseIntegerOnly (6 bytes)
Event: 1718.506 Thread 0x0000020d0e8e2900 nmethod 11877 0x0000020d7d807208 code [0x0000020d7d807300, 0x0000020d7d8073c8]
Event: 1718.506 Thread 0x0000020d0e8e18e0 nmethod 11872 0x0000020d7d807508 code [0x0000020d7d807600, 0x0000020d7d8076c8]
Event: 1718.517 Thread 0x0000020d7fddf440 nmethod 11873 0x0000020d7d807808 code [0x0000020d7d807900, 0x0000020d7d80b7c8]
Event: 1718.778 Thread 0x0000020d7fddf440 11878       1       java.util.TimeZone::getDefault (10 bytes)
Event: 1718.778 Thread 0x0000020d7fddf440 nmethod 11878 0x0000020d7d80b888 code [0x0000020d7d80b980, 0x0000020d7d80bbd0]
Event: 1718.998 Thread 0x0000020d7fddf440 11879       1       java.util.Base64$Decoder::decode (35 bytes)
Event: 1718.998 Thread 0x0000020d0e8e18e0 11880       1       java.util.Base64$Decoder::decodedOutLength (205 bytes)
Event: 1718.998 Thread 0x0000020d0e8e2900 11881       1       java.util.Base64$Decoder::decode0 (419 bytes)
Event: 1718.998 Thread 0x0000020d7fddf440 nmethod 11879 0x0000020d7d80bc08 code [0x0000020d7d80bd00, 0x0000020d7d80c170]
Event: 1718.998 Thread 0x0000020d7fddf440 11882       1       java.util.Base64$Decoder::decodeBlock (186 bytes)
Event: 1718.998 Thread 0x0000020d0e8e18e0 nmethod 11880 0x0000020d7d80c188 code [0x0000020d7d80c280, 0x0000020d7d80c670]
Event: 1718.999 Thread 0x0000020d7fddf440 nmethod 11882 0x0000020d7d80c688 code [0x0000020d7d80c780, 0x0000020d7d80ca90]
Event: 1718.999 Thread 0x0000020d0e8e2900 nmethod 11881 0x0000020d7d80cb08 code [0x0000020d7d80cc00, 0x0000020d7d80d8a8]

GC Heap Usage History (20 events):
Event: 487.342 {heap Before GC invocations=31 (full 5):
 garbage-first heap   total reserved 6225920K, committed 110592K, used 59800K [0x0000000684000000, 0x0000000800000000)
  region size 4096K, 8 young (32768K), 2 survivors (8192K)
}
Event: 487.414 {heap After GC invocations=32 (full 6):
 garbage-first heap   total reserved 6225920K, committed 110592K, used 31298K [0x0000000684000000, 0x0000000800000000)
  region size 4096K, 0 young (0K), 0 survivors (0K)
}
Event: 488.475 {heap Before GC invocations=32 (full 6):
 garbage-first heap   total reserved 6225920K, committed 110592K, used 88642K [0x0000000684000000, 0x0000000800000000)
  region size 4096K, 15 young (61440K), 0 survivors (0K)
}
Event: 488.482 {heap After GC invocations=33 (full 6):
 garbage-first heap   total reserved 6225920K, committed 110592K, used 38954K [0x0000000684000000, 0x0000000800000000)
  region size 4096K, 2 young (8192K), 2 survivors (8192K)
}
Event: 1163.121 {heap Before GC invocations=33 (full 6):
 garbage-first heap   total reserved 6225920K, committed 110592K, used 75818K [0x0000000684000000, 0x0000000800000000)
  region size 4096K, 12 young (49152K), 2 survivors (8192K)
}
Event: 1163.204 {heap After GC invocations=34 (full 7):
 garbage-first heap   total reserved 6225920K, committed 110592K, used 32508K [0x0000000684000000, 0x0000000800000000)
  region size 4096K, 0 young (0K), 0 survivors (0K)
}
Event: 1164.317 {heap Before GC invocations=34 (full 7):
 garbage-first heap   total reserved 6225920K, committed 110592K, used 85756K [0x0000000684000000, 0x0000000800000000)
  region size 4096K, 14 young (57344K), 0 survivors (0K)
}
Event: 1164.325 {heap After GC invocations=35 (full 7):
 garbage-first heap   total reserved 6225920K, committed 110592K, used 39760K [0x0000000684000000, 0x0000000800000000)
  region size 4096K, 2 young (8192K), 2 survivors (8192K)
}
Event: 1568.729 {heap Before GC invocations=35 (full 7):
 garbage-first heap   total reserved 6225920K, committed 110592K, used 80720K [0x0000000684000000, 0x0000000800000000)
  region size 4096K, 13 young (53248K), 2 survivors (8192K)
}
Event: 1568.813 {heap After GC invocations=36 (full 8):
 garbage-first heap   total reserved 6225920K, committed 110592K, used 32527K [0x0000000684000000, 0x0000000800000000)
  region size 4096K, 0 young (0K), 0 survivors (0K)
}
Event: 1569.932 {heap Before GC invocations=36 (full 8):
 garbage-first heap   total reserved 6225920K, committed 110592K, used 85775K [0x0000000684000000, 0x0000000800000000)
  region size 4096K, 14 young (57344K), 0 survivors (0K)
}
Event: 1569.938 {heap After GC invocations=37 (full 8):
 garbage-first heap   total reserved 6225920K, committed 110592K, used 39957K [0x0000000684000000, 0x0000000800000000)
  region size 4096K, 2 young (8192K), 2 survivors (8192K)
}
Event: 1701.927 {heap Before GC invocations=37 (full 8):
 garbage-first heap   total reserved 6225920K, committed 110592K, used 68629K [0x0000000684000000, 0x0000000800000000)
  region size 4096K, 10 young (40960K), 2 survivors (8192K)
}
Event: 1702.022 {heap After GC invocations=38 (full 9):
 garbage-first heap   total reserved 6225920K, committed 110592K, used 32292K [0x0000000684000000, 0x0000000800000000)
  region size 4096K, 0 young (0K), 0 survivors (0K)
}
Event: 1704.017 {heap Before GC invocations=38 (full 9):
 garbage-first heap   total reserved 6225920K, committed 110592K, used 85540K [0x0000000684000000, 0x0000000800000000)
  region size 4096K, 14 young (57344K), 0 survivors (0K)
}
Event: 1704.031 {heap After GC invocations=39 (full 9):
 garbage-first heap   total reserved 6225920K, committed 110592K, used 39690K [0x0000000684000000, 0x0000000800000000)
  region size 4096K, 2 young (8192K), 2 survivors (8192K)
}
Event: 1716.598 {heap Before GC invocations=39 (full 9):
 garbage-first heap   total reserved 6225920K, committed 110592K, used 64266K [0x0000000684000000, 0x0000000800000000)
  region size 4096K, 9 young (36864K), 2 survivors (8192K)
}
Event: 1716.673 {heap After GC invocations=40 (full 10):
 garbage-first heap   total reserved 6225920K, committed 110592K, used 31626K [0x0000000684000000, 0x0000000800000000)
  region size 4096K, 0 young (0K), 0 survivors (0K)
}
Event: 1718.983 {heap Before GC invocations=40 (full 10):
 garbage-first heap   total reserved 6225920K, committed 110592K, used 84874K [0x0000000684000000, 0x0000000800000000)
  region size 4096K, 14 young (57344K), 0 survivors (0K)
}
Event: 1718.990 {heap After GC invocations=41 (full 10):
 garbage-first heap   total reserved 6225920K, committed 110592K, used 39008K [0x0000000684000000, 0x0000000800000000)
  region size 4096K, 2 young (8192K), 2 survivors (8192K)
}

Metaspace Usage History (20 events):
Event: 487.342 {metaspace Before GC invocations=31 (full 5):
 Metaspace       used 86091K, committed 86720K, reserved 1179648K
  class space    used 12622K, committed 12928K, reserved 1048576K
}
Event: 487.414 {metaspace After GC invocations=32 (full 6):
 Metaspace       used 86083K, committed 86720K, reserved 1179648K
  class space    used 12620K, committed 12928K, reserved 1048576K
}
Event: 488.475 {metaspace Before GC invocations=32 (full 6):
 Metaspace       used 86321K, committed 86976K, reserved 1179648K
  class space    used 12645K, committed 12928K, reserved 1048576K
}
Event: 488.482 {metaspace After GC invocations=33 (full 6):
 Metaspace       used 86321K, committed 86976K, reserved 1179648K
  class space    used 12645K, committed 12928K, reserved 1048576K
}
Event: 1163.121 {metaspace Before GC invocations=33 (full 6):
 Metaspace       used 86403K, committed 86976K, reserved 1179648K
  class space    used 12652K, committed 12928K, reserved 1048576K
}
Event: 1163.204 {metaspace After GC invocations=34 (full 7):
 Metaspace       used 86401K, committed 86976K, reserved 1179648K
  class space    used 12651K, committed 12928K, reserved 1048576K
}
Event: 1164.317 {metaspace Before GC invocations=34 (full 7):
 Metaspace       used 86575K, committed 87168K, reserved 1179648K
  class space    used 12671K, committed 12928K, reserved 1048576K
}
Event: 1164.325 {metaspace After GC invocations=35 (full 7):
 Metaspace       used 86575K, committed 87168K, reserved 1179648K
  class space    used 12671K, committed 12928K, reserved 1048576K
}
Event: 1568.729 {metaspace Before GC invocations=35 (full 7):
 Metaspace       used 87093K, committed 87744K, reserved 1179648K
  class space    used 12752K, committed 13056K, reserved 1048576K
}
Event: 1568.813 {metaspace After GC invocations=36 (full 8):
 Metaspace       used 87091K, committed 87744K, reserved 1179648K
  class space    used 12752K, committed 13056K, reserved 1048576K
}
Event: 1569.932 {metaspace Before GC invocations=36 (full 8):
 Metaspace       used 87272K, committed 87936K, reserved 1179648K
  class space    used 12768K, committed 13056K, reserved 1048576K
}
Event: 1569.938 {metaspace After GC invocations=37 (full 8):
 Metaspace       used 87272K, committed 87936K, reserved 1179648K
  class space    used 12768K, committed 13056K, reserved 1048576K
}
Event: 1701.927 {metaspace Before GC invocations=37 (full 8):
 Metaspace       used 87382K, committed 88064K, reserved 1179648K
  class space    used 12775K, committed 13056K, reserved 1048576K
}
Event: 1702.022 {metaspace After GC invocations=38 (full 9):
 Metaspace       used 87366K, committed 88064K, reserved 1179648K
  class space    used 12771K, committed 13056K, reserved 1048576K
}
Event: 1704.017 {metaspace Before GC invocations=38 (full 9):
 Metaspace       used 87551K, committed 88192K, reserved 1179648K
  class space    used 12791K, committed 13056K, reserved 1048576K
}
Event: 1704.031 {metaspace After GC invocations=39 (full 9):
 Metaspace       used 87551K, committed 88192K, reserved 1179648K
  class space    used 12791K, committed 13056K, reserved 1048576K
}
Event: 1716.598 {metaspace Before GC invocations=39 (full 9):
 Metaspace       used 87675K, committed 88384K, reserved 1179648K
  class space    used 12804K, committed 13120K, reserved 1048576K
}
Event: 1716.673 {metaspace After GC invocations=40 (full 10):
 Metaspace       used 87658K, committed 88384K, reserved 1179648K
  class space    used 12800K, committed 13120K, reserved 1048576K
}
Event: 1718.983 {metaspace Before GC invocations=40 (full 10):
 Metaspace       used 87742K, committed 88448K, reserved 1179648K
  class space    used 12817K, committed 13120K, reserved 1048576K
}
Event: 1718.990 {metaspace After GC invocations=41 (full 10):
 Metaspace       used 87742K, committed 88448K, reserved 1179648K
  class space    used 12817K, committed 13120K, reserved 1048576K
}

Dll operation events (12 events):
Event: 0.034 Loaded shared library C:\Program Files\Java\jdk-25.0.2\bin\java.dll
Event: 0.467 Loaded shared library C:\Program Files\Java\jdk-25.0.2\bin\zip.dll
Event: 0.473 Loaded shared library C:\Program Files\Java\jdk-25.0.2\bin\instrument.dll
Event: 0.479 Loaded shared library C:\Program Files\Java\jdk-25.0.2\bin\net.dll
Event: 0.480 Loaded shared library C:\Program Files\Java\jdk-25.0.2\bin\nio.dll
Event: 0.483 Loaded shared library C:\Program Files\Java\jdk-25.0.2\bin\zip.dll
Event: 0.666 Loaded shared library C:\Program Files\Java\jdk-25.0.2\bin\jimage.dll
Event: 0.741 Loaded shared library C:\Program Files\Java\jdk-25.0.2\bin\management.dll
Event: 0.749 Loaded shared library C:\Program Files\Java\jdk-25.0.2\bin\management_ext.dll
Event: 0.901 Loaded shared library C:\Program Files\Java\jdk-25.0.2\bin\extnet.dll
Event: 0.920 Loaded shared library C:\Program Files\Java\jdk-25.0.2\bin\verify.dll
Event: 2.004 Loaded shared library C:\Program Files\Java\jdk-25.0.2\bin\sunmscapi.dll

Deoptimization events (20 events):
Event: 1717.818 Thread 0x0000020d0e379f10 DEOPT PACKING pc=0x0000020d7cee61cc sp=0x0000008531efcf00
Event: 1717.818 Thread 0x0000020d0e379f10 DEOPT UNPACKING pc=0x0000020d7ca912a2 sp=0x0000008531efc3c8 mode 1
Event: 1717.818 Thread 0x0000020d0e379f10 DEOPT PACKING pc=0x0000020d7ce634ec sp=0x0000008531efd030
Event: 1717.818 Thread 0x0000020d0e379f10 DEOPT UNPACKING pc=0x0000020d7ca912a2 sp=0x0000008531efc4e8 mode 1
Event: 1717.825 Thread 0x0000020d0e379f10 DEOPT PACKING pc=0x0000020d7d10fcdc sp=0x0000008531efcef0
Event: 1717.825 Thread 0x0000020d0e379f10 DEOPT UNPACKING pc=0x0000020d7ca912a2 sp=0x0000008531efc450 mode 1
Event: 1717.825 Thread 0x0000020d0e379f10 DEOPT PACKING pc=0x0000020d7d1105fc sp=0x0000008531efd010
Event: 1717.825 Thread 0x0000020d0e379f10 DEOPT UNPACKING pc=0x0000020d7ca912a2 sp=0x0000008531efc580 mode 1
Event: 1717.825 Thread 0x0000020d0e379f10 DEOPT PACKING pc=0x0000020d7d10f014 sp=0x0000008531efd140
Event: 1717.825 Thread 0x0000020d0e379f10 DEOPT UNPACKING pc=0x0000020d7ca912a2 sp=0x0000008531efc6a0 mode 1
Event: 1717.825 Thread 0x0000020d0e379f10 DEOPT PACKING pc=0x0000020d7ce63b91 sp=0x0000008531efc7d0
Event: 1717.825 Thread 0x0000020d0e379f10 DEOPT UNPACKING pc=0x0000020d7ca912a2 sp=0x0000008531efbc78 mode 1
Event: 1717.825 Thread 0x0000020d0e379f10 DEOPT PACKING pc=0x0000020d7ce634ec sp=0x0000008531efc830
Event: 1717.825 Thread 0x0000020d0e379f10 DEOPT UNPACKING pc=0x0000020d7ca912a2 sp=0x0000008531efbcd8 mode 1
Event: 1717.825 Thread 0x0000020d0e379f10 DEOPT PACKING pc=0x0000020d7cee61cc sp=0x0000008531efd160
Event: 1717.825 Thread 0x0000020d0e379f10 DEOPT UNPACKING pc=0x0000020d7ca912a2 sp=0x0000008531efc628 mode 1
Event: 1717.825 Thread 0x0000020d0e379f10 DEOPT PACKING pc=0x0000020d7ce634ec sp=0x0000008531efd290
Event: 1717.825 Thread 0x0000020d0e379f10 DEOPT UNPACKING pc=0x0000020d7ca912a2 sp=0x0000008531efc748 mode 1
Event: 1726.673 Thread 0x0000020d0e379f10 DEOPT PACKING pc=0x0000020d7cdc6454 sp=0x0000008531efd3d0
Event: 1726.673 Thread 0x0000020d0e379f10 DEOPT UNPACKING pc=0x0000020d7ca912a2 sp=0x0000008531efc888 mode 0

Classes loaded (20 events):
Event: 18.499 Loading class java/util/stream/ReduceOps$6ReducingSink
Event: 18.499 Loading class java/util/stream/ReduceOps$6ReducingSink done
Event: 18.504 Loading class java/lang/Throwable$WrappedPrintWriter
Event: 18.505 Loading class java/lang/Throwable$WrappedPrintWriter done
Event: 18.571 Loading class sun/nio/cs/ISO_8859_1$Encoder
Event: 18.571 Loading class sun/nio/cs/ISO_8859_1$Encoder done
Event: 43.447 Loading class java/lang/invoke/SerializedLambda
Event: 43.449 Loading class java/lang/invoke/SerializedLambda done
Event: 43.629 Loading class java/util/stream/LongStream
Event: 43.630 Loading class java/util/stream/LongStream done
Event: 43.630 Loading class java/util/stream/DoubleStream
Event: 43.630 Loading class java/util/stream/DoubleStream done
Event: 230.315 Loading class java/util/concurrent/locks/AbstractQueuedSynchronizer$SharedNode
Event: 230.315 Loading class java/util/concurrent/locks/AbstractQueuedSynchronizer$SharedNode done
Event: 233.655 Loading class java/lang/ref/Finalizer$1
Event: 233.657 Loading class java/lang/ref/Finalizer$1 done
Event: 249.635 Loading class jdk/internal/util/DateTimeHelper
Event: 249.636 Loading class jdk/internal/util/DateTimeHelper done
Event: 345.484 Loading class java/lang/invoke/MethodHandleImpl$CountingWrapper$1
Event: 345.484 Loading class java/lang/invoke/MethodHandleImpl$CountingWrapper$1 done

Classes unloaded (20 events):
Event: 487.373 Thread 0x0000020d7fdbc6e0 Unloading class 0x000000003d195000 'org/apache/catalina/loader/JdbcLeakPrevention'
Event: 487.373 Thread 0x0000020d7fdbc6e0 Unloading class 0x000000003dafb800 'java/lang/invoke/LambdaForm$MH+0x000000003dafb800'
Event: 487.373 Thread 0x0000020d7fdbc6e0 Unloading class 0x000000003db00000 'java/lang/String$$StringConcat+0x000000003db00000'
Event: 1163.156 Thread 0x0000020d7fdbc6e0 Unloading class 0x000000003da8dc00 'org/apache/catalina/loader/JdbcLeakPrevention'
Event: 1568.762 Thread 0x0000020d7fdbc6e0 Unloading class 0x000000003d4c9c00 'org/apache/catalina/loader/JdbcLeakPrevention'
Event: 1701.960 Thread 0x0000020d7fdbc6e0 Unloading class 0x000000003dcb6800 'java/lang/invoke/LambdaForm$MH+0x000000003dcb6800'
Event: 1701.960 Thread 0x0000020d7fdbc6e0 Unloading class 0x000000003dcb6400 'java/lang/invoke/LambdaForm$MH+0x000000003dcb6400'
Event: 1701.960 Thread 0x0000020d7fdbc6e0 Unloading class 0x000000003dcb6000 'java/lang/invoke/LambdaForm$MH+0x000000003dcb6000'
Event: 1701.960 Thread 0x0000020d7fdbc6e0 Unloading class 0x000000003dcb5c00 'java/lang/invoke/LambdaForm$MH+0x000000003dcb5c00'
Event: 1701.960 Thread 0x0000020d7fdbc6e0 Unloading class 0x000000003dcb5800 'java/lang/invoke/LambdaForm$MH+0x000000003dcb5800'
Event: 1701.960 Thread 0x0000020d7fdbc6e0 Unloading class 0x000000003dcb5400 'java/lang/invoke/LambdaForm$MH+0x000000003dcb5400'
Event: 1701.960 Thread 0x0000020d7fdbc6e0 Unloading class 0x000000003dca8c00 'java/lang/invoke/LambdaForm$MH+0x000000003dca8c00'
Event: 1701.960 Thread 0x0000020d7fdbc6e0 Unloading class 0x000000003dcc4000 'org/apache/catalina/loader/JdbcLeakPrevention'
Event: 1716.627 Thread 0x0000020d7fdbc6e0 Unloading class 0x000000003dccc000 'org/apache/catalina/loader/JdbcLeakPrevention'
Event: 1716.627 Thread 0x0000020d7fdbc6e0 Unloading class 0x000000003dcb4800 'java/lang/invoke/LambdaForm$MH+0x000000003dcb4800'
Event: 1716.627 Thread 0x0000020d7fdbc6e0 Unloading class 0x000000003dcb4400 'java/lang/String$$StringConcat+0x000000003dcb4400'
Event: 1716.627 Thread 0x0000020d7fdbc6e0 Unloading class 0x000000003d4ed000 'java/lang/invoke/LambdaForm$MH+0x000000003d4ed000'
Event: 1716.627 Thread 0x0000020d7fdbc6e0 Unloading class 0x000000003d4ed800 'java/lang/invoke/LambdaForm$MH+0x000000003d4ed800'
Event: 1716.627 Thread 0x0000020d7fdbc6e0 Unloading class 0x000000003dafa800 'java/lang/invoke/LambdaForm$MH+0x000000003dafa800'
Event: 1716.627 Thread 0x0000020d7fdbc6e0 Unloading class 0x000000003dafb000 'java/lang/String$$StringConcat+0x000000003dafb000'

Classes redefined (20 events):
Event: 1715.028 Thread 0x0000020d7fdbc6e0 redefined class name=br.com.httpsduart.entities.Tarefa, count=1
Event: 1715.028 Thread 0x0000020d7fdbc6e0 redefined class name=br.com.httpsduart.entities.Tarefa, count=2
Event: 1715.028 Thread 0x0000020d7fdbc6e0 redefined class name=br.com.httpsduart.entities.Tarefa, count=1
Event: 1715.028 Thread 0x0000020d7fdbc6e0 redefined class name=br.com.httpsduart.entities.Tarefa, count=1
Event: 1715.028 Thread 0x0000020d7fdbc6e0 redefined class name=br.com.httpsduart.entities.Tarefa, count=1
Event: 1715.028 Thread 0x0000020d7fdbc6e0 redefined class name=br.com.httpsduart.entities.Tarefa, count=1
Event: 1715.028 Thread 0x0000020d7fdbc6e0 redefined class name=br.com.httpsduart.entities.Tarefa, count=1
Event: 1715.028 Thread 0x0000020d7fdbc6e0 redefined class name=br.com.httpsduart.entities.Tarefa, count=1
Event: 1715.028 Thread 0x0000020d7fdbc6e0 redefined class name=br.com.httpsduart.entities.Tarefa, count=3
Event: 1726.715 Thread 0x0000020d7fdbc6e0 redefined class name=br.com.httpsduart.entities.Tarefa, count=2
Event: 1726.715 Thread 0x0000020d7fdbc6e0 redefined class name=br.com.httpsduart.entities.Tarefa, count=2
Event: 1726.715 Thread 0x0000020d7fdbc6e0 redefined class name=br.com.httpsduart.entities.Tarefa, count=3
Event: 1726.715 Thread 0x0000020d7fdbc6e0 redefined class name=br.com.httpsduart.entities.Tarefa, count=2
Event: 1726.715 Thread 0x0000020d7fdbc6e0 redefined class name=br.com.httpsduart.entities.Tarefa, count=2
Event: 1726.715 Thread 0x0000020d7fdbc6e0 redefined class name=br.com.httpsduart.entities.Tarefa, count=1
Event: 1726.715 Thread 0x0000020d7fdbc6e0 redefined class name=br.com.httpsduart.entities.Tarefa, count=2
Event: 1726.715 Thread 0x0000020d7fdbc6e0 redefined class name=br.com.httpsduart.entities.Tarefa, count=2
Event: 1726.715 Thread 0x0000020d7fdbc6e0 redefined class name=br.com.httpsduart.entities.Tarefa, count=2
Event: 1726.715 Thread 0x0000020d7fdbc6e0 redefined class name=br.com.httpsduart.entities.Tarefa, count=2
Event: 1726.715 Thread 0x0000020d7fdbc6e0 redefined class name=br.com.httpsduart.entities.Tarefa, count=4

Internal exceptions (20 events):
Event: 1702.139 Thread 0x0000020d0fd6ee60 Exception <a 'sun/nio/fs/WindowsException'{0x000000068e096f38}> (0x000000068e096f38) 
thrown [s\open\src\hotspot\share\prims\jni.cpp, line 516]
Event: 1703.230 Thread 0x0000020d0fd6ee60 Exception <a 'java/io/FileNotFoundException'{0x0000000688746458}> (0x0000000688746458) 
thrown [s\open\src\hotspot\share\prims\jni.cpp, line 516]
Event: 1703.271 Thread 0x0000020d0fd6ee60 Exception <a 'java/io/IOException'{0x0000000688081288}> (0x0000000688081288) 
thrown [s\open\src\hotspot\share\prims\jni.cpp, line 516]
Event: 1703.272 Thread 0x0000020d0fd6ee60 Exception <a 'java/io/IOException'{0x00000006880819b0}> (0x00000006880819b0) 
thrown [s\open\src\hotspot\share\prims\jni.cpp, line 516]
Event: 1703.273 Thread 0x0000020d0fd6ee60 Exception <a 'java/io/IOException'{0x00000006880820c8}> (0x00000006880820c8) 
thrown [s\open\src\hotspot\share\prims\jni.cpp, line 516]
Event: 1703.278 Thread 0x0000020d0fd6ee60 Exception <a 'java/io/IOException'{0x000000068808ac40}> (0x000000068808ac40) 
thrown [s\open\src\hotspot\share\prims\jni.cpp, line 516]
Event: 1703.279 Thread 0x0000020d0fd6ee60 Exception <a 'java/io/IOException'{0x000000068808bc18}> (0x000000068808bc18) 
thrown [s\open\src\hotspot\share\prims\jni.cpp, line 516]
Event: 1703.281 Thread 0x0000020d0fd6ee60 Exception <a 'java/io/IOException'{0x000000068808c6f8}> (0x000000068808c6f8) 
thrown [s\open\src\hotspot\share\prims\jni.cpp, line 516]
Event: 1703.306 Thread 0x0000020d0fd6ee60 Exception <a 'java/io/FileNotFoundException'{0x0000000688159210}> (0x0000000688159210) 
thrown [s\open\src\hotspot\share\prims\jni.cpp, line 516]
Event: 1704.510 Thread 0x0000020d0fd6ee60 Exception <a 'java/io/IOException'{0x000000068a7fd9b8}> (0x000000068a7fd9b8) 
thrown [s\open\src\hotspot\share\prims\jni.cpp, line 516]
Event: 1716.598 Thread 0x0000020d0fd71d40 Exception <a 'java/lang/InterruptedException'{0x000000068903d7a8}: sleep interrupted> (0x000000068903d7a8) 
thrown [s\open\src\hotspot\share\prims\jvm.cpp, line 2904]
Event: 1716.700 Thread 0x0000020d0e379f10 Exception <a 'sun/nio/fs/WindowsException'{0x000000068e097118}> (0x000000068e097118) 
thrown [s\open\src\hotspot\share\prims\jni.cpp, line 516]
Event: 1717.336 Thread 0x0000020d0e379f10 Exception <a 'java/io/FileNotFoundException'{0x000000068877c6a0}> (0x000000068877c6a0) 
thrown [s\open\src\hotspot\share\prims\jni.cpp, line 516]
Event: 1717.349 Thread 0x0000020d0e379f10 Exception <a 'java/io/IOException'{0x00000006880b6bf8}> (0x00000006880b6bf8) 
thrown [s\open\src\hotspot\share\prims\jni.cpp, line 516]
Event: 1717.349 Thread 0x0000020d0e379f10 Exception <a 'java/io/IOException'{0x00000006880b7320}> (0x00000006880b7320) 
thrown [s\open\src\hotspot\share\prims\jni.cpp, line 516]
Event: 1717.350 Thread 0x0000020d0e379f10 Exception <a 'java/io/IOException'{0x00000006880b7a38}> (0x00000006880b7a38) 
thrown [s\open\src\hotspot\share\prims\jni.cpp, line 516]
Event: 1717.355 Thread 0x0000020d0e379f10 Exception <a 'java/io/IOException'{0x00000006880c0578}> (0x00000006880c0578) 
thrown [s\open\src\hotspot\share\prims\jni.cpp, line 516]
Event: 1717.356 Thread 0x0000020d0e379f10 Exception <a 'java/io/IOException'{0x00000006880c1530}> (0x00000006880c1530) 
thrown [s\open\src\hotspot\share\prims\jni.cpp, line 516]
Event: 1717.357 Thread 0x0000020d0e379f10 Exception <a 'java/io/IOException'{0x00000006880c1ff0}> (0x00000006880c1ff0) 
thrown [s\open\src\hotspot\share\prims\jni.cpp, line 516]
Event: 1717.372 Thread 0x0000020d0e379f10 Exception <a 'java/io/FileNotFoundException'{0x000000068818fff8}> (0x000000068818fff8) 
thrown [s\open\src\hotspot\share\prims\jni.cpp, line 516]

VM Operations (20 events):
Event: 1701.927 Executing safepoint VM operation: G1CollectFull (System.gc())
Event: 1702.022 Executing safepoint VM operation: G1CollectFull (System.gc()) done
Event: 1704.016 Executing safepoint VM operation: G1CollectForAllocation (G1 Evacuation Pause)
Event: 1704.031 Executing safepoint VM operation: G1CollectForAllocation (G1 Evacuation Pause) done
Event: 1715.011 Executing safepoint VM operation: RedefineClasses
Event: 1715.057 Executing safepoint VM operation: RedefineClasses done
Event: 1716.598 Executing safepoint VM operation: G1CollectFull (System.gc())
Event: 1716.673 Executing safepoint VM operation: G1CollectFull (System.gc()) done
Event: 1718.983 Executing safepoint VM operation: G1CollectForAllocation (G1 Evacuation Pause)
Event: 1718.990 Executing safepoint VM operation: G1CollectForAllocation (G1 Evacuation Pause) done
Event: 1722.166 Executing safepoint VM operation: get/set locals
Event: 1722.166 Executing safepoint VM operation: get/set locals done
Event: 1726.672 Executing safepoint VM operation: ChangeSingleStep
Event: 1726.672 Executing safepoint VM operation: ChangeSingleStep done
Event: 1726.673 Executing safepoint VM operation: ChangeSingleStep
Event: 1726.673 Executing safepoint VM operation: ChangeSingleStep done
Event: 1726.701 Executing safepoint VM operation: RedefineClasses
Event: 1726.746 Executing safepoint VM operation: RedefineClasses done
Event: 1726.760 Executing safepoint VM operation: ChangeSingleStep
Event: 1726.760 Executing safepoint VM operation: ChangeSingleStep done

Memory protections (0 events):
No events

Nmethod flushes (20 events):
Event: 1716.640 Thread 0x0000020d7fdbc6e0 flushing  nmethod 0x0000020d7d541f88
Event: 1716.640 Thread 0x0000020d7fdbc6e0 flushing  nmethod 0x0000020d7d542a08
Event: 1716.640 Thread 0x0000020d7fdbc6e0 flushing  nmethod 0x0000020d7d542d88
Event: 1716.640 Thread 0x0000020d7fdbc6e0 flushing  nmethod 0x0000020d7d543788
Event: 1716.640 Thread 0x0000020d7fdbc6e0 flushing  nmethod 0x0000020d7d543a88
Event: 1716.640 Thread 0x0000020d7fdbc6e0 flushing  nmethod 0x0000020d7d546308
Event: 1716.640 Thread 0x0000020d7fdbc6e0 flushing  nmethod 0x0000020d7d546608
Event: 1716.640 Thread 0x0000020d7fdbc6e0 flushing  nmethod 0x0000020d7d546908
Event: 1716.640 Thread 0x0000020d7fdbc6e0 flushing  nmethod 0x0000020d7d553d08
Event: 1716.640 Thread 0x0000020d7fdbc6e0 flushing  nmethod 0x0000020d7d55bc88
Event: 1716.640 Thread 0x0000020d7fdbc6e0 flushing  nmethod 0x0000020d7d55e888
Event: 1716.640 Thread 0x0000020d7fdbc6e0 flushing  nmethod 0x0000020d7d55fa08
Event: 1716.640 Thread 0x0000020d7fdbc6e0 flushing  nmethod 0x0000020d7d560e08
Event: 1716.640 Thread 0x0000020d7fdbc6e0 flushing  nmethod 0x0000020d7d575a88
Event: 1716.640 Thread 0x0000020d7fdbc6e0 flushing  nmethod 0x0000020d7d578f08
Event: 1716.640 Thread 0x0000020d7fdbc6e0 flushing  nmethod 0x0000020d7d579208
Event: 1716.640 Thread 0x0000020d7fdbc6e0 flushing  nmethod 0x0000020d7d5a2688
Event: 1716.640 Thread 0x0000020d7fdbc6e0 flushing  nmethod 0x0000020d7d621a88
Event: 1716.640 Thread 0x0000020d7fdbc6e0 flushing  nmethod 0x0000020d7d622188
Event: 1716.640 Thread 0x0000020d7fdbc6e0 flushing  nmethod 0x0000020d7d624408

Events (20 events):
Event: 1716.579 Thread 0x0000020d114bded0 Thread exited: 0x0000020d114bded0
Event: 1716.595 Thread 0x0000020d0e376090 Thread exited: 0x0000020d0e376090
Event: 1716.598 Thread 0x0000020d0fd71d40 Thread exited: 0x0000020d0fd71d40
Event: 1716.674 Thread 0x0000020d0e37be50 Thread added: 0x0000020d0e376090
Event: 1716.674 Thread 0x0000020d0e37be50 Thread added: 0x0000020d0e379f10
Event: 1716.674 Thread 0x0000020d0e376090 Thread exited: 0x0000020d0e376090
Event: 1716.702 Thread 0x0000020d0fd6dec0 Thread exited: 0x0000020d0fd6dec0
Event: 1716.702 Thread 0x0000020d0fd753f0 Thread exited: 0x0000020d0fd753f0
Event: 1716.750 Thread 0x0000020d0e379f10 Thread added: 0x0000020d0e377fd0
Event: 1716.759 Thread 0x0000020d0e377fd0 Thread exited: 0x0000020d0e377fd0
Event: 1717.236 Thread 0x0000020d7fddf440 Thread added: 0x0000020d0e8e2900
Event: 1717.237 Thread 0x0000020d7fddf440 Thread added: 0x0000020d0e8e18e0
Event: 1717.372 Thread 0x0000020d0e379f10 Thread added: 0x0000020d0e378f70
Event: 1717.373 Thread 0x0000020d0e379f10 Thread added: 0x0000020d0e37c620
Event: 1717.373 Thread 0x0000020d0e379f10 Thread added: 0x0000020d0e37cdf0
Event: 1717.534 Thread 0x0000020d0e379f10 Thread added: 0x0000020d10f17d00
Event: 1717.638 Thread 0x0000020d10f17d00 Thread added: 0x0000020d10f14e20
Event: 1723.998 Thread 0x0000020d0e8e18e0 Thread exited: 0x0000020d0e8e18e0
Event: 1723.999 Thread 0x0000020d0e8e2900 Thread exited: 0x0000020d0e8e2900
Event: 1724.030 Thread 0x0000020d10f14e20 Thread exited: 0x0000020d10f14e20


Dynamic libraries:
0x00007ff64be00000 - 0x00007ff64be10000 	C:\Program Files\Java\jdk-25.0.2\bin\javaw.exe
0x00007ff8245e0000 - 0x00007ff824848000 	C:\WINDOWS\SYSTEM32\ntdll.dll
0x00007ff822950000 - 0x00007ff822a19000 	C:\WINDOWS\System32\KERNEL32.DLL
0x00007ff821ed0000 - 0x00007ff8222c1000 	C:\WINDOWS\System32\KERNELBASE.dll
0x00007ff821d80000 - 0x00007ff821ecb000 	C:\WINDOWS\System32\ucrtbase.dll
0x00007ff809050000 - 0x00007ff809067000 	C:\Program Files\Java\jdk-25.0.2\bin\jli.dll
0x00007ff822a20000 - 0x00007ff822be6000 	C:\WINDOWS\System32\USER32.dll
0x00007ff821d50000 - 0x00007ff821d77000 	C:\WINDOWS\System32\win32u.dll
0x00007ff822380000 - 0x00007ff8223ab000 	C:\WINDOWS\System32\GDI32.dll
0x00007ff821240000 - 0x00007ff82136b000 	C:\WINDOWS\System32\gdi32full.dll
0x00007ff821370000 - 0x00007ff821413000 	C:\WINDOWS\System32\msvcp_win.dll
0x00007ff809030000 - 0x00007ff80904e000 	C:\Program Files\Java\jdk-25.0.2\bin\VCRUNTIME140.dll
0x00007ff809360000 - 0x00007ff8095f3000 	C:\WINDOWS\WinSxS\amd64_microsoft.windows.common-controls_6595b64144ccf1df_6.0.26100.7705_none_3e06597ae3363b04\COMCTL32.dll
0x00007ff8227d0000 - 0x00007ff822879000 	C:\WINDOWS\System32\msvcrt.dll
0x00007ff8223b0000 - 0x00007ff8223e1000 	C:\WINDOWS\System32\IMM32.DLL
0x00007ff80aab0000 - 0x00007ff80aabc000 	C:\Program Files\Java\jdk-25.0.2\bin\vcruntime140_1.dll
0x00007fffce450000 - 0x00007fffce4dd000 	C:\Program Files\Java\jdk-25.0.2\bin\msvcp140.dll
0x00007fff88a30000 - 0x00007fff8988f000 	C:\Program Files\Java\jdk-25.0.2\bin\server\jvm.dll
0x00007ff8240e0000 - 0x00007ff824194000 	C:\WINDOWS\System32\ADVAPI32.dll
0x00007ff8228a0000 - 0x00007ff822946000 	C:\WINDOWS\System32\sechost.dll
0x00007ff824480000 - 0x00007ff824598000 	C:\WINDOWS\System32\RPCRT4.dll
0x00007ff8238c0000 - 0x00007ff823934000 	C:\WINDOWS\System32\WS2_32.dll
0x00007ff820d20000 - 0x00007ff820d7e000 	C:\WINDOWS\SYSTEM32\POWRPROF.dll
0x00007ff81ef30000 - 0x00007ff81ef65000 	C:\WINDOWS\SYSTEM32\WINMM.dll
0x00007ff812ac0000 - 0x00007ff812acb000 	C:\WINDOWS\SYSTEM32\VERSION.dll
0x00007ff820d00000 - 0x00007ff820d14000 	C:\WINDOWS\SYSTEM32\UMPDC.dll
0x00007ff81fc70000 - 0x00007ff81fc8b000 	C:\WINDOWS\SYSTEM32\kernel.appcore.dll
0x00007ff80aa50000 - 0x00007ff80aa5a000 	C:\Program Files\Java\jdk-25.0.2\bin\jimage.dll
0x00007ff81ec60000 - 0x00007ff81eea2000 	C:\WINDOWS\SYSTEM32\DBGHELP.DLL
0x00007ff822bf0000 - 0x00007ff822f76000 	C:\WINDOWS\System32\combase.dll
0x00007ff8226f0000 - 0x00007ff8227c7000 	C:\WINDOWS\System32\OLEAUT32.dll
0x00007ff81eef0000 - 0x00007ff81ef2b000 	C:\WINDOWS\SYSTEM32\dbgcore.DLL
0x00007ff8222d0000 - 0x00007ff822375000 	C:\WINDOWS\System32\bcryptPrimitives.dll
0x00007fffedc30000 - 0x00007fffedc6d000 	C:\Program Files\Java\jdk-25.0.2\bin\jdwp.dll
0x00007ff8090e0000 - 0x00007ff8090f0000 	C:\Program Files\Java\jdk-25.0.2\bin\instrument.dll
0x00007ff808df0000 - 0x00007ff808e0f000 	C:\Program Files\Java\jdk-25.0.2\bin\java.dll
0x00007ff823940000 - 0x00007ff823ad7000 	C:\WINDOWS\System32\ole32.dll
0x00007ff822f80000 - 0x00007ff8236d1000 	C:\WINDOWS\System32\SHELL32.dll
0x00007ff820ec0000 - 0x00007ff82102a000 	C:\WINDOWS\System32\wintypes.dll
0x00007ff821420000 - 0x00007ff821c82000 	C:\WINDOWS\System32\windows.storage.dll
0x00007ff8241a0000 - 0x00007ff824296000 	C:\WINDOWS\System32\SHCORE.dll
0x00007ff823ae0000 - 0x00007ff823b47000 	C:\WINDOWS\System32\shlwapi.dll
0x00007ff820de0000 - 0x00007ff820e09000 	C:\WINDOWS\SYSTEM32\profapi.dll
0x00007ff809080000 - 0x00007ff80908c000 	C:\Program Files\Java\jdk-25.0.2\bin\dt_socket.dll
0x00007ff81f700000 - 0x00007ff81f734000 	C:\WINDOWS\SYSTEM32\IPHLPAPI.DLL
0x00007ff8201e0000 - 0x00007ff82024b000 	C:\WINDOWS\system32\mswsock.dll
0x00007ff81f7e0000 - 0x00007ff81f90c000 	C:\WINDOWS\SYSTEM32\DNSAPI.dll
0x00007ff823fe0000 - 0x00007ff823fea000 	C:\WINDOWS\System32\NSI.dll
0x00007ff812a60000 - 0x00007ff812a6b000 	C:\Windows\System32\rasadhlp.dll
0x00007ff813bc0000 - 0x00007ff813c46000 	C:\WINDOWS\System32\fwpuclnt.dll
0x00007ff808d80000 - 0x00007ff808d97000 	C:\Program Files\Java\jdk-25.0.2\bin\zip.dll
0x00007ff807550000 - 0x00007ff807562000 	C:\Program Files\Java\jdk-25.0.2\bin\net.dll
0x00007ff806010000 - 0x00007ff806026000 	C:\Program Files\Java\jdk-25.0.2\bin\nio.dll
0x00007ff808de0000 - 0x00007ff808dea000 	C:\Program Files\Java\jdk-25.0.2\bin\management.dll
0x00007ff808380000 - 0x00007ff80838c000 	C:\Program Files\Java\jdk-25.0.2\bin\management_ext.dll
0x00007ff8224e0000 - 0x00007ff8224e8000 	C:\WINDOWS\System32\PSAPI.DLL
0x00007ffff77c0000 - 0x00007ffff77d8000 	C:\WINDOWS\system32\napinsp.dll
0x00007ffff77a0000 - 0x00007ffff77b2000 	C:\WINDOWS\System32\winrnr.dll
0x00007ffff7770000 - 0x00007ffff7792000 	C:\WINDOWS\system32\nlansp_c.dll
0x00007ffff4f40000 - 0x00007ffff4f56000 	C:\WINDOWS\system32\wshbth.dll
0x00007ff8204a0000 - 0x00007ff8204bb000 	C:\WINDOWS\SYSTEM32\CRYPTSP.dll
0x00007ff81fbd0000 - 0x00007ff81fc09000 	C:\WINDOWS\system32\rsaenh.dll
0x00007ff820290000 - 0x00007ff8202bb000 	C:\WINDOWS\SYSTEM32\USERENV.dll
0x00007ff820db0000 - 0x00007ff820dda000 	C:\WINDOWS\SYSTEM32\bcrypt.dll
0x00007ff8204c0000 - 0x00007ff8204cc000 	C:\WINDOWS\SYSTEM32\CRYPTBASE.dll
0x00007ff807540000 - 0x00007ff807549000 	C:\Program Files\Java\jdk-25.0.2\bin\extnet.dll
0x00007ff806000000 - 0x00007ff806010000 	C:\Program Files\Java\jdk-25.0.2\bin\verify.dll
0x00007ffffd670000 - 0x00007ffffd67e000 	C:\Program Files\Java\jdk-25.0.2\bin\sunmscapi.dll
0x00007ff8210c0000 - 0x00007ff821237000 	C:\WINDOWS\System32\CRYPT32.dll
0x00007ff8206c0000 - 0x00007ff8206f0000 	C:\WINDOWS\SYSTEM32\ncrypt.dll
0x00007ff820670000 - 0x00007ff8206af000 	C:\WINDOWS\SYSTEM32\NTASN1.dll
0x00007fff9d1e0000 - 0x00007fff9d1e8000 	C:\WINDOWS\system32\wshunix.dll

JVMTI agents:
jdwp path:C:\Program Files\Java\jdk-25.0.2\bin\jdwp.dll, loaded, initialized, options:transport=dt_socket,suspend=y,address=localhost:54210
C:\Users\vduar\eclipse\jee-2025-12\eclipse\configuration\org.eclipse.osgi\1191\0\.cp\lib\javaagent-shaded.jar path:C:\Program Files\Java\jdk-25.0.2\bin\instrument.dll, loaded, initialized, instrumentlib options:none

dbghelp: loaded successfully - version: 4.0.5 - missing functions: none
symbol engine: initialized successfully - sym options: 0x614 - pdb path: .;C:\Program Files\Java\jdk-25.0.2\bin;C:\WINDOWS\SYSTEM32;C:\WINDOWS\WinSxS\amd64_microsoft.windows.common-controls_6595b64144ccf1df_6.0.26100.7705_none_3e06597ae3363b04;C:\Program Files\Java\jdk-25.0.2\bin\server

VM Arguments:
jvm_args: -XX:+ShowCodeDetailsInExceptionMessages -agentlib:jdwp=transport=dt_socket,suspend=y,address=localhost:54210 -Dcom.sun.management.jmxremote -Dcom.sun.management.jmxremote.port=54209 -Dcom.sun.management.jmxremote.authenticate=false -Dcom.sun.management.jmxremote.ssl=false -Djava.rmi.server.hostname=localhost -Dspring.jmx.enabled=true -Dmanagement.endpoints.jmx.exposure.include=* -Dspring.application.admin.enabled=true -Dspring.output.ansi.enabled=always -XX:TieredStopAtLevel=1 -Dspring.boot.project.name=apiTarefas -javaagent:C:\Users\vduar\eclipse\jee-2025-12\eclipse\configuration\org.eclipse.osgi\1191\0\.cp\lib\javaagent-shaded.jar -Dfile.encoding=UTF-8 -Dstdout.encoding=UTF-8 -Dstderr.encoding=UTF-8 
java_command: br.com.httpsduart.ApiTarefasApplication
java_class_path (initial): C:\Users\vduar\eclipse-workspace\apiTarefas\target\classes;C:\Users\vduar\.m2\repository\org\springframework\boot\spring-boot-starter-data-jdbc\4.0.2\spring-boot-starter-data-jdbc-4.0.2.jar;C:\Users\vduar\.m2\repository\org\springframework\boot\spring-boot-starter\4.0.2\spring-boot-starter-4.0.2.jar;C:\Users\vduar\.m2\repository\org\springframework\boot\spring-boot-starter-logging\4.0.2\spring-boot-starter-logging-4.0.2.jar;C:\Users\vduar\.m2\repository\ch\qos\logback\logback-classic\1.5.25\logback-classic-1.5.25.jar;C:\Users\vduar\.m2\repository\ch\qos\logback\logback-core\1.5.25\logback-core-1.5.25.jar;C:\Users\vduar\.m2\repository\org\apache\logging\log4j\log4j-to-slf4j\2.25.3\log4j-to-slf4j-2.25.3.jar;C:\Users\vduar\.m2\repository\org\apache\logging\log4j\log4j-api\2.25.3\log4j-api-2.25.3.jar;C:\Users\vduar\.m2\repository\org\slf4j\jul-to-slf4j\2.0.17\jul-to-slf4j-2.0.17.jar;C:\Users\vduar\.m2\repository\jakarta\annotation\jakarta.annotation-api\3.0.0\jakarta.annotation-api-3.0.0.jar;C:\Users\vduar\.m2\repository\org\yaml\snakeyaml\2.5\snakeyaml-2.5.jar;C:\Users\vduar\.m2\repository\org\springframework\boot\spring-boot-starter-jdbc\4.0.2\spring-boot-starter-jdbc-4.0.2.jar;C:\Users\vduar\.m2\repository\com\zaxxer\HikariCP\7.0.2\HikariCP-7.0.2.jar;C:\Users\vduar\.m2\repository\org\slf4j\slf4j-api\2.0.17\slf4j-api-2.0.17.jar;C:\Users\vduar\.m2\repository\org\springframework\boot\spring-boot-data-jdbc\4.0.2\spring-boot-data-jdbc-4.0.2.jar;C:\Users\vduar\.m2\repository\org\springframework\boot\spring-boot-data-commons\4.0.2\spring-boot-data-commons-4.0.2.jar;C:\Users\vduar\.m2\repository\org\springframework\boot\spring-boot-persistence\4.0.2\spring-boot-persistence-4.0.2.jar;C:\Users\vduar\.m2\repository\org\springframework\data\spring-data-commons\4.0.2\spring-data-commons-4.0.2.jar;C:\Users\vduar\.m2\repository\org\springframework\data\spring-data-jdbc\4.0.2\spring-data-jdbc-4.0.2.jar;C:\Users\vduar\.m2\repository\org\springframework\data\spring-data-relational\4.0.2\spring-data-relational-4.0.2.jar;C:\Users\vduar\.m2\repository\org\springframework\spring-tx\7.0.3\spring-tx-7.0.3.jar;C:\Users\vduar\.m2\repository\org\springframework\boot\spring-boot-jdbc\4.0.2\spring-boot-jdbc-4.0.2.jar;C:\Users\vduar\.m2\repository\org\springframework\boot\spring-boot-sql\4.0.2\spring-boot-sql-4.0.2.jar;C:\Users\vduar\.m2\repository\org\springframework\boot\spring-boot-transaction\4.0.2\spring-boot-transaction-4.0.2.jar;C:\Users\vduar\.m2\repository\org\springframework\spring-jdbc\7.0.3\spring-jdbc-7.0.3.jar;C:\Users\vduar\.m2\repository\org\springframework\boot\spring-boot-starter-data-jpa\4.0.2\spring-boot-starter-data-jpa-4.0.2.jar;C:\Users\vduar\.m2\repository\org\springframework\boot\spring-boot-data-jpa\4.0.2\spring-boot-data-jpa-4.0.2.jar;C:\Users\vduar\.m2\repository\org\springframework\boot\spring-boot-hibernate\4.0.2\spring-boot-hibernate-4.0.2.jar;C:\Users\vduar\.m2\repository\org\springframework\boot\spring-boot-jpa\4.0.2\spring-boot-jpa-4.0.2.jar;C:\Users\vduar\.m2\repository\jakarta\persistence\jakarta.persistence-api\3.2.0\jakarta.persistence-api-3.2.0.jar;C:\Users\vduar\.m2\repository\org\hibernate\orm\hibernate-core\7.2.1.Final\hibernate-core-7.2.1.Final.jar;C:\Users\vduar\.m2\repository\jakarta\transaction\jakarta.transaction-api\2.0.1\jakarta.transaction-api-2.0.1.jar;C:\Users\vduar\.m2\repository\org\jboss\logging\jboss-logging\3.6.1.Final\jboss-logging-3.6.1.Final.jar;C:\Users\vduar\.m2\repository\org\hibernate\models\hibernate-models\1.0.1\hibernate-models-1.0.1.jar;C:\Users\vduar\.m2\repository\com\fasterxml\classmate\1.7.3\classmate-1.7.3.jar;C:\Users\vduar\.m2\repository\org\glassfish\jaxb\jaxb-runtime\4.0.6\jaxb-runtime-4.0.6.jar;C:\Users\vduar\.m2\repository\org\glassfish\jaxb\jaxb-core\4.0.6\jaxb-core-4.0.6.jar;C:\Users\vduar\.m2\repository\org\eclipse\angus\angus-activation\2.0.3\angus-activation-2.0.3.jar;C:\Users\vduar\.m2\repository\org\glassfish\jaxb\txw2\4.0.6\txw2-4.0.6.jar;C:\Users\vduar\.m2\repository\com\sun\istack\istack-commons-runtime\4.1.2\istack-commons-runtime-4.1.2.jar;C:\Users\vduar\.m2\repository\jakarta\inject\jakarta.inject-api\2.0.1\jakarta.inject-api-2.0.1.jar;C:\Users\vduar\.m2\repository\org\springframework\spring-orm\7.0.3\spring-orm-7.0.3.jar;C:\Users\vduar\.m2\repository\org\springframework\data\spring-data-jpa\4.0.2\spring-data-jpa-4.0.2.jar;C:\Users\vduar\.m2\repository\org\springframework\spring-aop\7.0.3\spring-aop-7.0.3.jar;C:\Users\vduar\.m2\repository\org\antlr\antlr4-runtime\4.13.2\antlr4-runtime-4.13.2.jar;C:\Users\vduar\.m2\repository\org\springframework\spring-aspects\7.0.3\spring-aspects-7.0.3.jar;C:\Users\vduar\.m2\repository\org\aspectj\aspectjweaver\1.9.25.1\aspectjweaver-1.9.25.1.jar;C:\Users\vduar\.m2\repository\org\springframework\spring-web\7.0.3\spring-web-7.0.3.jar;C:\Users\vduar\.m2\repository\org\springframework\spring-beans\7.0.3\spring-beans-7.0.3.jar;C:\Users\vduar\.m2\repository\org\springframework\spring-core\7.0.3\spring-core-7.0.3.jar;C:\Users\vduar\.m2\repository\commons-logging\commons-logging\1.3.5\commons-logging-1.3.5.jar;C:\Users\vduar\.m2\repository\org\jspecify\jspecify\1.0.0\jspecify-1.0.0.jar;C:\Users\vduar\.m2\repository\io\micrometer\micrometer-observation\1.16.2\micrometer-observation-1.16.2.jar;C:\Users\vduar\.m2\repository\io\micrometer\micrometer-commons\1.16.2\micrometer-commons-1.16.2.jar;C:\Users\vduar\.m2\repository\org\springframework\boot\spring-boot-starter-web\4.1.0-M1\spring-boot-starter-web-4.1.0-M1.jar;C:\Users\vduar\.m2\repository\org\springframework\boot\spring-boot-starter-jackson\4.0.2\spring-boot-starter-jackson-4.0.2.jar;C:\Users\vduar\.m2\repository\org\springframework\boot\spring-boot-jackson\4.0.2\spring-boot-jackson-4.0.2.jar;C:\Users\vduar\.m2\repository\tools\jackson\core\jackson-databind\3.0.4\jackson-databind-3.0.4.jar;C:\Users\vduar\.m2\repository\com\fasterxml\jackson\core\jackson-annotations\2.20\jackson-annotations-2.20.jar;C:\Users\vduar\.m2\repository\tools\jackson\core\jackson-core\3.0.4\jackson-core-3.0.4.jar;C:\Users\vduar\.m2\repository\org\springframework\boot\spring-boot-starter-tomcat\4.0.2\spring-boot-starter-tomcat-4.0.2.jar;C:\Users\vduar\.m2\repository\org\springframework\boot\spring-boot-starter-tomcat-runtime\4.0.2\spring-boot-starter-tomcat-runtime-4.0.2.jar;C:\Users\vduar\.m2\repository\org\apache\tomcat\embed\tomcat-embed-core\11.0.15\tomcat-embed-core-11.0.15.jar;C:\Users\vduar\.m2\repository\org\apache\tomcat\embed\tomcat-embed-el\11.0.15\tomcat-embed-el-11.0.15.jar;C:\Users\vduar\.m2\repository\org\apache\tomcat\embed\tomcat-embed-websocket\11.0.15\tomcat-embed-websocket-11.0.15.jar;C:\Users\vduar\.m2\repository\org\springframework\boot\spring-boot-tomcat\4.0.2\spring-boot-tomcat-4.0.2.jar;C:\Users\vduar\.m2\repository\org\springframework\boot\spring-boot-http-converter\4.0.2\spring-boot-http-converter-4.0.2.jar;C:\Users\vduar\.m2\repository\org\springframework\boot\spring-boot-webmvc\4.0.2\spring-boot-webmvc-4.0.2.jar;C:\Users\vduar\.m2\repository\org\springframework\boot\spring-boot-servlet\4.0.2\spring-boot-servlet-4.0.2.jar;C:\Users\vduar\.m2\repository\org\springframework\spring-webmvc\7.0.3\spring-webmvc-7.0.3.jar;C:\Users\vduar\.m2\repository\org\springframework\spring-expression\7.0.3\spring-expression-7.0.3.jar;C:\Users\vduar\.m2\repository\org\springdoc\springdoc-openapi-starter-webmvc-ui\3.0.1\springdoc-openapi-starter-webmvc-ui-3.0.1.jar;C:\Users\vduar\.m2\repository\org\springdoc\springdoc-openapi-starter-webmvc-api\3.0.1\springdoc-openapi-starter-webmvc-api-3.0.1.jar;C:\Users\vduar\.m2\repository\org\springdoc\springdoc-openapi-starter-common\3.0.1\springdoc-openapi-starter-common-3.0.1.jar;C:\Users\vduar\.m2\repository\org\springframework\boot\spring-boot-validation\4.0.2\spring-boot-validation-4.0.2.jar;C:\Users\vduar\.m2\repository\org\hibernate\validator\hibernate-validator\9.0.1.Final\hibernate-validator-9.0.1.Final.jar;C:\Users\vduar\.m2\repository\io\swagger\core\v3\swagger-core-jakarta\2.2.41\swagger-core-jakarta-2.2.41.jar;C:\Users\vduar\.m2\repository\org\apache\commons\commons-lang3\3.19.0\commons-lang3-3.19.0.jar;C:\Users\vduar\.m2\repository\io\swagger\core\v3\swagger-annotations-jakarta\2.2.41\swagger-annotations-jakarta-2.2.41.jar;C:\Users\vduar\.m2\repository\io\swagger\core\v3\swagger-models-jakarta\2.2.41\swagger-models-jakarta-2.2.41.jar;C:\Users\vduar\.m2\repository\jakarta\validation\jakarta.validation-api\3.1.1\jakarta.validation-api-3.1.1.jar;C:\Users\vduar\.m2\repository\com\fasterxml\jackson\core\jackson-databind\2.20.2\jackson-databind-2.20.2.jar;C:\Users\vduar\.m2\repository\com\fasterxml\jackson\core\jackson-core\2.20.2\jackson-core-2.20.2.jar;C:\Users\vduar\.m2\repository\com\fasterxml\jackson\dataformat\jackson-dataformat-yaml\2.20.2\jackson-dataformat-yaml-2.20.2.jar;C:\Users\vduar\.m2\repository\com\fasterxml\jackson\datatype\jackson-datatype-jsr310\2.20.2\jackson-datatype-jsr310-2.20.2.jar;C:\Users\vduar\.m2\repository\org\springframework\boot\spring-boot-web-server\4.0.2\spring-boot-web-server-4.0.2.jar;C:\Users\vduar\.m2\repository\org\webjars\swagger-ui\5.31.0\swagger-ui-5.31.0.jar;C:\Users\vduar\.m2\repository\org\webjars\webjars-locator-lite\1.1.3\webjars-locator-lite-1.1.3.jar;C:\Users\vduar\.m2\repository\org\springframework\boot\spring-boot-devtools\4.0.2\spring-boot-devtools-4.0.2.jar;C:\Users\vduar\.m2\repository\org\springframework\boot\spring-boot\4.0.2\spring-boot-4.0.2.jar;C:\Users\vduar\.m2\repository\org\springframework\spring-context\7.0.3\spring-context-7.0.3.jar;C:\Users\vduar\.m2\repository\org\springframework\boot\spring-boot-autoconfigure\4.0.2\spring-boot-autoconfigure-4.0.2.jar;C:\Users\vduar\.m2\repository\org\postgresql\postgresql\42.7.9\postgresql-42.7.9.jar;C:\Users\vduar\.m2\repository\org\checkerframework\checker-qual\3.52.0\checker-qual-3.52.0.jar;C:\Users\vduar\.m2\repository\org\projectlombok\lombok\1.18.42\lombok-1.18.42.jar;C:\Users\vduar\.m2\repository\jakarta\xml\bind\jakarta.xml.bind-api\4.0.4\jakarta.xml.bind-api-4.0.4.jar;C:\Users\vduar\.m2\repository\jakarta\activation\jakarta.activation-api\2.1.4\jakarta.activation-api-2.1.4.jar;C:\Users\vduar\.m2\repository\net\bytebuddy\byte-buddy\1.17.8\byte-buddy-1.17.8.jar
Launcher Type: SUN_STANDARD

[Global flags]
     intx CICompilerCount                          = 3                                         {product} {ergonomic}
     uint ConcGCThreads                            = 1                                         {product} {ergonomic}
     uint G1ConcRefinementThreads                  = 4                                         {product} {ergonomic}
   size_t G1HeapRegionSize                         = 4194304                                   {product} {ergonomic}
   size_t InitialHeapSize                          = 398458880                                 {product} {ergonomic}
     bool ManagementServer                         = true                                      {product} {command line}
   size_t MarkStackSize                            = 4194304                                   {product} {ergonomic}
   size_t MarkStackSizeMax                         = 536870912                                 {product} {ergonomic}
   size_t MaxHeapSize                              = 6375342080                                {product} {ergonomic}
   size_t MaxNewSize                               = 3825205248                                {product} {ergonomic}
   size_t MinHeapDeltaBytes                        = 4194304                                   {product} {ergonomic}
   size_t MinHeapSize                              = 8388608                                   {product} {ergonomic}
    uintx NonNMethodCodeHeapSize                   = 4096                                   {pd product} {ergonomic}
    uintx NonProfiledCodeHeapSize                  = 0                                      {pd product} {ergonomic}
     bool ProfileInterpreter                       = false                                  {pd product} {command line}
    uintx ProfiledCodeHeapSize                     = 0                                      {pd product} {ergonomic}
     bool ShowCodeDetailsInExceptionMessages       = true                                   {manageable} {command line}
   size_t SoftMaxHeapSize                          = 6375342080                             {manageable} {ergonomic}
     intx TieredStopAtLevel                        = 1                                         {product} {command line}
     bool UseCompressedOops                        = true                           {product lp64_product} {ergonomic}
     bool UseG1GC                                  = true                                      {product} {ergonomic}
     bool UseLargePagesIndividualAllocation        = false                                  {pd product} {ergonomic}

Logging:
Log output configuration:
 #0: stdout all=warning uptime,level,tags foldmultilines=false
 #1: stderr all=off uptime,level,tags foldmultilines=false

Release file:
IMPLEMENTOR="Oracle Corporation" 
JAVA_RUNTIME_VERSION="25.0.2+10-LTS-69" 
JAVA_VERSION="25.0.2" 
JAVA_VERSION_DATE="2026-01-20" 
LIBC="default" 
MODULES="java.base java.compiler java.datatransfer java.xml java.prefs java.desktop java.instrument java.logging java.management java.security.sasl java.naming java.rmi java.management.rmi java.net.http java.scripting java.security.jgss java.transaction.xa java.sql java.sql.rowset java.xml.crypto java.se java.smartcardio jdk.accessibility jdk.internal.jvmstat jdk.attach jdk.charsets jdk.internal.opt jdk.zipfs jdk.compiler jdk.crypto.cryptoki jdk.crypto.ec jdk.crypto.mscapi jdk.dynalink jdk.internal.ed jdk.editpad jdk.internal.vm.ci jdk.graal.compiler jdk.graal.compiler.management jdk.hotspot.agent jdk.httpserver jdk.incubator.vector jdk.internal.le jdk.internal.md jdk.jartool jdk.javadoc jdk.jcmd jdk.management jdk.management.agent jdk.jconsole jdk.jdeps jdk.jdwp.agent jdk.jdi jdk.jfr jdk.jlink jdk.jpackage jdk.jshell jdk.jsobject jdk.jstatd jdk.localedata jdk.management.jfr jdk.naming.dns jdk.naming.rmi jdk.net jdk.nio.mapmode jdk.sctp jdk.security.auth jdk.security.jgss jdk.unsupported jdk.unsupported.desktop jdk.xml.dom" 
OS_ARCH="x86_64" 
OS_NAME="Windows" 
SOURCE=".:git:b75efb40c93a open:git:405a5699ebd0" 

Environment Variables:
JAVA_HOME=C:\Program Files\Java\jdk-22
PATH=C:/Program Files/Java/jdk-22/bin/server;C:/Program Files/Java/jdk-22/bin;C:\Program Files\Common Files\Oracle\Java\javapath;C:\WINDOWS\system32;C:\WINDOWS;C:\WINDOWS\System32\Wbem;C:\WINDOWS\System32\WindowsPowerShell\v1.0\;C:\WINDOWS\System32\OpenSSH\;C:\Program Files\dotnet\;C:\Program Files\Git\cmd;C:\Program Files\Docker\Docker\resources\bin;C:\Program Files\nodejs\;C:\Users\vduar\AppData\Local\Python\pythoncore-3.14-64\;C:\Users\vduar\AppData\Local\Python\pythoncore-3.14-64\Scripts;C:\Users\vduar\.console-ninja\.bin;C:\Users\vduar\AppData\Local\Microsoft\WindowsApps;C:\Users\vduar\AppData\Local\Microsoft\WinGet\Packages\Schniz.fnm_Microsoft.Winget.Source_8wekyb3d8bbwe;C:\Users\vduar\AppData\Local\Programs\Microsoft VS Code\bin;C:\Users\vduar\AppData\Roaming\npm;C:\Users\vduar\AppData\Local\Microsoft\WindowsApps;C:\Users\vduar\AppData\Local\Python\bin;C:\Users\vduar\AppData\Local\Python\pythoncore-3.14-64\;C:\Users\vduar\AppData\Local\Python\pythoncore-3.14-64\Scripts;;C:\WINDOWS\System32;
USERNAME=vduar
OS=Windows_NT
PROCESSOR_IDENTIFIER=Intel64 Family 6 Model 140 Stepping 1, GenuineIntel
TMP=C:\Users\vduar\AppData\Local\Temp
TEMP=C:\Users\vduar\AppData\Local\Temp




Compilation memory statistics disabled.

Periodic native trim disabled

---------------  S Y S T E M  ---------------

OS:
 Windows 11 , 64 bit Build 26100 (10.0.26100.7705)
OS uptime: 8 days 4:33 hours
Hyper-V role detected

CPU: total 4 (initial active 4) (2 cores per cpu, 2 threads per core) family 6 model 140 stepping 1 microcode 0xbc, cx8, cmov, fxsr, ht, mmx, 3dnowpref, sse, sse2, sse3, ssse3, sse4.1, sse4.2, popcnt, lzcnt, tsc, tscinvbit, avx, avx2, aes, erms, clmul, bmi1, bmi2, adx, avx512f, avx512dq, avx512cd, avx512bw, avx512vl, sha, fma, vzeroupper, avx512_vpopcntdq, avx512_vpclmulqdq, avx512_vaes, avx512_vnni, clflush, clflushopt, clwb, avx512_vbmi2, avx512_vbmi, hv, rdtscp, rdpid, fsrm, gfni, avx512_bitalg, f16c, cet_ibt, cet_ss, avx512_ifma
Processor Information for processor 0
  Max Mhz: 2995, Current Mhz: 2995, Mhz Limit: 2995
Processor Information for processor 1
  Max Mhz: 2995, Current Mhz: 2995, Mhz Limit: 2995
Processor Information for processor 2
  Max Mhz: 2995, Current Mhz: 998, Mhz Limit: 2995
Processor Information for processor 3
  Max Mhz: 2995, Current Mhz: 998, Mhz Limit: 2995

Memory: 4k page, system-wide physical 24310M (9502M free)
TotalPageFile size 32246M (AvailPageFile size 11536M)
current process WorkingSet (physical memory assigned to process): 300M, peak: 302M
current process commit charge ("private bytes"): 329M, peak: 504M

vm_info: Java HotSpot(TM) 64-Bit Server VM (25.0.2+10-LTS-69) for windows-amd64 JRE (25.0.2+10-LTS-69), built on 2025-12-18T11:36:35Z with MS VC++ 17.13 (VS2022)

END.
